<?xml version="1.0" encoding="utf-8"?>
<CoverageSession xmlns:xsd="http://www.w3.org/2001/XMLSchema" xmlns:xsi="http://www.w3.org/2001/XMLSchema-instance" Version="0.0.0.0">
  <Summary numSequencePoints="351" visitedSequencePoints="309" numBranchPoints="0" visitedBranchPoints="0" sequenceCoverage="88.03" branchCoverage="0.0" maxCyclomaticComplexity="0" minCyclomaticComplexity="0" maxCrapScore="0" minCrapScore="0" visitedClasses="22" numClasses="22" visitedMethods="35" numMethods="35" />
  <Modules>
    <Module>
      <Summary numSequencePoints="78" visitedSequencePoints="68" numBranchPoints="0" visitedBranchPoints="0" sequenceCoverage="87.18" branchCoverage="0.0" maxCyclomaticComplexity="0" minCyclomaticComplexity="0" maxCrapScore="0" minCrapScore="0" visitedClasses="7" numClasses="7" visitedMethods="15" numMethods="15" />
      <ModuleTime>0001-01-01T00:00:00</ModuleTime>
      <ModuleName>Assembly-CSharp</ModuleName>
      <Files>
        <File uid="1" fullPath="C:/Users/farra/OneDrive/Área de Trabalho/Apulgalipse/Assets/Scripts/centralizar.cs" />
        <File uid="2" fullPath="C:/Users/farra/OneDrive/Área de Trabalho/Apulgalipse/Assets/Scripts/Enemy.cs" />
        <File uid="3" fullPath="C:/Users/farra/OneDrive/Área de Trabalho/Apulgalipse/Assets/Scripts/EnemyCombat.cs" />
        <File uid="4" fullPath="C:/Users/farra/OneDrive/Área de Trabalho/Apulgalipse/Assets/Scripts/Flea.cs" />
        <File uid="5" fullPath="C:/Users/farra/OneDrive/Área de Trabalho/Apulgalipse/Assets/Scripts/HealthBar.cs" />
        <File uid="6" fullPath="C:/Users/farra/OneDrive/Área de Trabalho/Apulgalipse/Assets/Scripts/inventario.cs" />
        <File uid="7" fullPath="C:/Users/farra/OneDrive/Área de Trabalho/Apulgalipse/Assets/Scripts/Inventory &amp; Shop/InventoryManager.cs" />
        <File uid="8" fullPath="C:/Users/farra/OneDrive/Área de Trabalho/Apulgalipse/Assets/Scripts/Inventory &amp; Shop/InventorySlot.cs" />
        <File uid="9" fullPath="C:/Users/farra/OneDrive/Área de Trabalho/Apulgalipse/Assets/Scripts/Inventory &amp; Shop/Loot.cs" />
        <File uid="10" fullPath="C:/Users/farra/OneDrive/Área de Trabalho/Apulgalipse/Assets/Scripts/Inventory &amp; Shop/UseItem.cs" />
        <File uid="11" fullPath="C:/Users/farra/OneDrive/Área de Trabalho/Apulgalipse/Assets/Scripts/MenuManager.cs" />
        <File uid="12" fullPath="C:/Users/farra/OneDrive/Área de Trabalho/Apulgalipse/Assets/Scripts/movimentoPulga.cs" />
        <File uid="13" fullPath="C:/Users/farra/OneDrive/Área de Trabalho/Apulgalipse/Assets/Scripts/PauseMenu.cs" />
        <File uid="14" fullPath="C:/Users/farra/OneDrive/Área de Trabalho/Apulgalipse/Assets/Scripts/Player/PlayerAttack.cs" />
        <File uid="15" fullPath="C:/Users/farra/OneDrive/Área de Trabalho/Apulgalipse/Assets/Scripts/Player/PlayerHealth.cs" />
        <File uid="16" fullPath="C:/Users/farra/OneDrive/Área de Trabalho/Apulgalipse/Assets/Scripts/Player/PlayerMovement.cs" />
        <File uid="17" fullPath="C:/Users/farra/OneDrive/Área de Trabalho/Apulgalipse/Assets/Scripts/StatsManager.cs" />
        <File uid="18" fullPath="C:/Users/farra/OneDrive/Área de Trabalho/Apulgalipse/Assets/Scripts/StatsUI.cs" />
        <File uid="19" fullPath="C:/Users/farra/OneDrive/Área de Trabalho/Apulgalipse/Assets/Scripts/Zombie.cs" />
      </Files>
      <Classes>
        <Class>
          <Summary numSequencePoints="7" visitedSequencePoints="7" numBranchPoints="0" visitedBranchPoints="0" sequenceCoverage="100.0" branchCoverage="0.0" maxCyclomaticComplexity="0" minCyclomaticComplexity="0" maxCrapScore="0" minCrapScore="0" visitedClasses="1" numClasses="1" visitedMethods="2" numMethods="2" />
          <FullName>EnemyCombat</FullName>
          <Methods>
            <Method visited="true" cyclomaticComplexity="0" nPathComplexity="0" sequenceCoverage="100.0" branchCoverage="0" crapScore="0" isConstructor="false" isStatic="false" isGetter="false" isSetter="false">
              <Summary numSequencePoints="6" visitedSequencePoints="6" numBranchPoints="0" visitedBranchPoints="0" sequenceCoverage="100.0" branchCoverage="0" maxCyclomaticComplexity="0" minCyclomaticComplexity="0" maxCrapScore="0" minCrapScore="0" visitedClasses="0" numClasses="0" visitedMethods="1" numMethods="1" />
              <MetadataToken>100663305</MetadataToken>
              <Name>System.Void EnemyCombat::OnCollisionEnter2D(UnityEngine.Collision2D)</Name>
              <FileRef uid="3" />
              <SequencePoints>
                <SequencePoint vc="1" uspid="826" ordinal="0" offset="0" sl="7" sc="5" el="7" ec="5" bec="0" bev="0" fileid="3" />
                <SequencePoint vc="1" uspid="827" ordinal="0" offset="1" sl="8" sc="9" el="8" ec="9" bec="0" bev="0" fileid="3" />
                <SequencePoint vc="1" uspid="828" ordinal="0" offset="21" sl="8" sc="56" el="8" ec="56" bec="0" bev="0" fileid="3" />
                <SequencePoint vc="1" uspid="829" ordinal="0" offset="22" sl="9" sc="13" el="9" ec="13" bec="0" bev="0" fileid="3" />
                <SequencePoint vc="1" uspid="830" ordinal="0" offset="46" sl="10" sc="9" el="10" ec="9" bec="0" bev="0" fileid="3" />
                <SequencePoint vc="1" uspid="831" ordinal="0" offset="47" sl="11" sc="5" el="11" ec="5" bec="0" bev="0" fileid="3" />
              </SequencePoints>
              <BranchPoints />
            </Method>
            <Method visited="true" cyclomaticComplexity="0" nPathComplexity="0" sequenceCoverage="100.0" branchCoverage="0" crapScore="0" isConstructor="true" isStatic="false" isGetter="false" isSetter="false">
              <Summary numSequencePoints="1" visitedSequencePoints="1" numBranchPoints="0" visitedBranchPoints="0" sequenceCoverage="100.0" branchCoverage="0" maxCyclomaticComplexity="0" minCyclomaticComplexity="0" maxCrapScore="0" minCrapScore="0" visitedClasses="0" numClasses="0" visitedMethods="1" numMethods="1" />
              <MetadataToken>100663306</MetadataToken>
              <Name>EnemyCombat::EnemyCombat()</Name>
              <FileRef uid="3" />
              <SequencePoints>
                <SequencePoint vc="1" uspid="832" ordinal="0" offset="0" sl="5" sc="5" el="5" ec="5" bec="0" bev="0" fileid="3" />
              </SequencePoints>
              <BranchPoints />
            </Method>
          </Methods>
        </Class>
        <Class>
          <Summary numSequencePoints="14" visitedSequencePoints="7" numBranchPoints="0" visitedBranchPoints="0" sequenceCoverage="50.00" branchCoverage="0.0" maxCyclomaticComplexity="0" minCyclomaticComplexity="0" maxCrapScore="0" minCrapScore="0" visitedClasses="1" numClasses="1" visitedMethods="2" numMethods="2" />
          <FullName>HealthBar</FullName>
          <Methods>
            <Method visited="true" cyclomaticComplexity="0" nPathComplexity="0" sequenceCoverage="42.86" branchCoverage="0" crapScore="0" isConstructor="false" isStatic="false" isGetter="false" isSetter="false">
              <Summary numSequencePoints="7" visitedSequencePoints="3" numBranchPoints="0" visitedBranchPoints="0" sequenceCoverage="42.86" branchCoverage="0" maxCyclomaticComplexity="0" minCyclomaticComplexity="0" maxCrapScore="0" minCrapScore="0" visitedClasses="0" numClasses="0" visitedMethods="1" numMethods="1" />
              <MetadataToken>100663315</MetadataToken>
              <Name>System.Void HealthBar::SetMaxHealth(System.Int32)</Name>
              <FileRef uid="5" />
              <SequencePoints>
                <SequencePoint vc="2" uspid="876" ordinal="0" offset="0" sl="12" sc="5" el="12" ec="5" bec="0" bev="0" fileid="5" />
                <SequencePoint vc="2" uspid="877" ordinal="0" offset="1" sl="13" sc="9" el="13" ec="9" bec="0" bev="0" fileid="5" />
                <SequencePoint vc="0" uspid="878" ordinal="0" offset="17" sl="14" sc="9" el="14" ec="9" bec="0" bev="0" fileid="5" />
                <SequencePoint vc="0" uspid="879" ordinal="0" offset="18" sl="15" sc="13" el="15" ec="13" bec="0" bev="0" fileid="5" />
                <SequencePoint vc="0" uspid="880" ordinal="0" offset="32" sl="16" sc="13" el="16" ec="13" bec="0" bev="0" fileid="5" />
                <SequencePoint vc="0" uspid="881" ordinal="0" offset="46" sl="18" sc="9" el="18" ec="9" bec="0" bev="0" fileid="5" />
                <SequencePoint vc="2" uspid="882" ordinal="0" offset="47" sl="20" sc="5" el="20" ec="5" bec="0" bev="0" fileid="5" />
              </SequencePoints>
              <BranchPoints />
            </Method>
            <Method visited="true" cyclomaticComplexity="0" nPathComplexity="0" sequenceCoverage="57.14" branchCoverage="0" crapScore="0" isConstructor="false" isStatic="false" isGetter="false" isSetter="false">
              <Summary numSequencePoints="7" visitedSequencePoints="4" numBranchPoints="0" visitedBranchPoints="0" sequenceCoverage="57.14" branchCoverage="0" maxCyclomaticComplexity="0" minCyclomaticComplexity="0" maxCrapScore="0" minCrapScore="0" visitedClasses="0" numClasses="0" visitedMethods="1" numMethods="1" />
              <MetadataToken>100663316</MetadataToken>
              <Name>System.Void HealthBar::SetHealth(System.Int32)</Name>
              <FileRef uid="5" />
              <SequencePoints>
                <SequencePoint vc="2" uspid="883" ordinal="0" offset="0" sl="23" sc="5" el="23" ec="5" bec="0" bev="0" fileid="5" />
                <SequencePoint vc="2" uspid="884" ordinal="0" offset="1" sl="24" sc="9" el="24" ec="9" bec="0" bev="0" fileid="5" />
                <SequencePoint vc="2" uspid="885" ordinal="0" offset="23" sl="25" sc="9" el="25" ec="9" bec="0" bev="0" fileid="5" />
                <SequencePoint vc="0" uspid="886" ordinal="0" offset="39" sl="25" sc="29" el="25" ec="29" bec="0" bev="0" fileid="5" />
                <SequencePoint vc="0" uspid="887" ordinal="0" offset="40" sl="26" sc="13" el="26" ec="13" bec="0" bev="0" fileid="5" />
                <SequencePoint vc="0" uspid="888" ordinal="0" offset="54" sl="27" sc="9" el="27" ec="9" bec="0" bev="0" fileid="5" />
                <SequencePoint vc="2" uspid="889" ordinal="0" offset="55" sl="29" sc="5" el="29" ec="5" bec="0" bev="0" fileid="5" />
              </SequencePoints>
              <BranchPoints />
            </Method>
          </Methods>
        </Class>
        <Class>
          <Summary numSequencePoints="15" visitedSequencePoints="13" numBranchPoints="0" visitedBranchPoints="0" sequenceCoverage="86.67" branchCoverage="0.0" maxCyclomaticComplexity="0" minCyclomaticComplexity="0" maxCrapScore="0" minCrapScore="0" visitedClasses="1" numClasses="1" visitedMethods="2" numMethods="2" />
          <FullName>Loot</FullName>
          <Methods>
            <Method visited="true" cyclomaticComplexity="0" nPathComplexity="0" sequenceCoverage="71.43" branchCoverage="0" crapScore="0" isConstructor="false" isStatic="false" isGetter="false" isSetter="false">
              <Summary numSequencePoints="7" visitedSequencePoints="5" numBranchPoints="0" visitedBranchPoints="0" sequenceCoverage="71.43" branchCoverage="0" maxCyclomaticComplexity="0" minCyclomaticComplexity="0" maxCrapScore="0" minCrapScore="0" visitedClasses="0" numClasses="0" visitedMethods="1" numMethods="1" />
              <MetadataToken>100663334</MetadataToken>
              <Name>System.Void Loot::OnValidate()</Name>
              <FileRef uid="9" />
              <SequencePoints>
                <SequencePoint vc="2" uspid="983" ordinal="0" offset="0" sl="15" sc="5" el="15" ec="5" bec="0" bev="0" fileid="9" />
                <SequencePoint vc="2" uspid="984" ordinal="0" offset="1" sl="16" sc="9" el="16" ec="9" bec="0" bev="0" fileid="9" />
                <SequencePoint vc="2" uspid="985" ordinal="0" offset="17" sl="17" sc="9" el="17" ec="9" bec="0" bev="0" fileid="9" />
                <SequencePoint vc="2" uspid="986" ordinal="0" offset="18" sl="18" sc="13" el="18" ec="13" bec="0" bev="0" fileid="9" />
                <SequencePoint vc="0" uspid="987" ordinal="0" offset="20" sl="21" sc="9" el="21" ec="9" bec="0" bev="0" fileid="9" />
                <SequencePoint vc="0" uspid="988" ordinal="0" offset="43" sl="22" sc="9" el="22" ec="9" bec="0" bev="0" fileid="9" />
                <SequencePoint vc="2" uspid="989" ordinal="0" offset="61" sl="24" sc="5" el="24" ec="5" bec="0" bev="0" fileid="9" />
              </SequencePoints>
              <BranchPoints />
            </Method>
            <Method visited="true" cyclomaticComplexity="0" nPathComplexity="0" sequenceCoverage="100.0" branchCoverage="0" crapScore="0" isConstructor="false" isStatic="false" isGetter="false" isSetter="false">
              <Summary numSequencePoints="8" visitedSequencePoints="8" numBranchPoints="0" visitedBranchPoints="0" sequenceCoverage="100.0" branchCoverage="0" maxCyclomaticComplexity="0" minCyclomaticComplexity="0" maxCrapScore="0" minCrapScore="0" visitedClasses="0" numClasses="0" visitedMethods="1" numMethods="1" />
              <MetadataToken>100663335</MetadataToken>
              <Name>System.Void Loot::OnTriggerEnter2D(UnityEngine.Collider2D)</Name>
              <FileRef uid="9" />
              <SequencePoints>
                <SequencePoint vc="3" uspid="990" ordinal="0" offset="0" sl="27" sc="5" el="27" ec="5" bec="0" bev="0" fileid="9" />
                <SequencePoint vc="3" uspid="991" ordinal="0" offset="1" sl="28" sc="9" el="28" ec="9" bec="0" bev="0" fileid="9" />
                <SequencePoint vc="2" uspid="992" ordinal="0" offset="16" sl="29" sc="9" el="29" ec="9" bec="0" bev="0" fileid="9" />
                <SequencePoint vc="2" uspid="993" ordinal="0" offset="17" sl="30" sc="13" el="30" ec="13" bec="0" bev="0" fileid="9" />
                <SequencePoint vc="2" uspid="994" ordinal="0" offset="34" sl="31" sc="13" el="31" ec="13" bec="0" bev="0" fileid="9" />
                <SequencePoint vc="2" uspid="995" ordinal="0" offset="63" sl="32" sc="13" el="32" ec="13" bec="0" bev="0" fileid="9" />
                <SequencePoint vc="2" uspid="996" ordinal="0" offset="80" sl="33" sc="9" el="33" ec="9" bec="0" bev="0" fileid="9" />
                <SequencePoint vc="3" uspid="997" ordinal="0" offset="81" sl="34" sc="5" el="34" ec="5" bec="0" bev="0" fileid="9" />
              </SequencePoints>
              <BranchPoints />
            </Method>
          </Methods>
        </Class>
        <Class>
          <Summary numSequencePoints="9" visitedSequencePoints="9" numBranchPoints="0" visitedBranchPoints="0" sequenceCoverage="100.0" branchCoverage="0.0" maxCyclomaticComplexity="0" minCyclomaticComplexity="0" maxCrapScore="0" minCrapScore="0" visitedClasses="1" numClasses="1" visitedMethods="3" numMethods="3" />
          <FullName>PauseMenu</FullName>
          <Methods>
            <Method visited="true" cyclomaticComplexity="0" nPathComplexity="0" sequenceCoverage="100.0" branchCoverage="0" crapScore="0" isConstructor="false" isStatic="false" isGetter="false" isSetter="false">
              <Summary numSequencePoints="3" visitedSequencePoints="3" numBranchPoints="0" visitedBranchPoints="0" sequenceCoverage="100.0" branchCoverage="0" maxCyclomaticComplexity="0" minCyclomaticComplexity="0" maxCrapScore="0" minCrapScore="0" visitedClasses="0" numClasses="0" visitedMethods="1" numMethods="1" />
              <MetadataToken>100663348</MetadataToken>
              <Name>System.Void PauseMenu::Start()</Name>
              <FileRef uid="13" />
              <SequencePoints>
                <SequencePoint vc="1" uspid="1044" ordinal="0" offset="0" sl="9" sc="5" el="9" ec="5" bec="0" bev="0" fileid="13" />
                <SequencePoint vc="1" uspid="1045" ordinal="0" offset="1" sl="10" sc="9" el="10" ec="9" bec="0" bev="0" fileid="13" />
                <SequencePoint vc="1" uspid="1046" ordinal="0" offset="14" sl="11" sc="5" el="11" ec="5" bec="0" bev="0" fileid="13" />
              </SequencePoints>
              <BranchPoints />
            </Method>
            <Method visited="true" cyclomaticComplexity="0" nPathComplexity="0" sequenceCoverage="100.0" branchCoverage="0" crapScore="0" isConstructor="false" isStatic="false" isGetter="false" isSetter="false">
              <Summary numSequencePoints="2" visitedSequencePoints="2" numBranchPoints="0" visitedBranchPoints="0" sequenceCoverage="100.0" branchCoverage="0" maxCyclomaticComplexity="0" minCyclomaticComplexity="0" maxCrapScore="0" minCrapScore="0" visitedClasses="0" numClasses="0" visitedMethods="1" numMethods="1" />
              <MetadataToken>100663349</MetadataToken>
              <Name>System.Void PauseMenu::Update()</Name>
              <FileRef uid="13" />
              <SequencePoints>
                <SequencePoint vc="11" uspid="1047" ordinal="0" offset="0" sl="15" sc="5" el="15" ec="5" bec="0" bev="0" fileid="13" />
                <SequencePoint vc="11" uspid="1048" ordinal="0" offset="1" sl="17" sc="5" el="17" ec="5" bec="0" bev="0" fileid="13" />
              </SequencePoints>
              <BranchPoints />
            </Method>
            <Method visited="true" cyclomaticComplexity="0" nPathComplexity="0" sequenceCoverage="100.0" branchCoverage="0" crapScore="0" isConstructor="false" isStatic="false" isGetter="false" isSetter="false">
              <Summary numSequencePoints="4" visitedSequencePoints="4" numBranchPoints="0" visitedBranchPoints="0" sequenceCoverage="100.0" branchCoverage="0" maxCyclomaticComplexity="0" minCyclomaticComplexity="0" maxCrapScore="0" minCrapScore="0" visitedClasses="0" numClasses="0" visitedMethods="1" numMethods="1" />
              <MetadataToken>100663351</MetadataToken>
              <Name>System.Void PauseMenu::ResumeGame()</Name>
              <FileRef uid="13" />
              <SequencePoints>
                <SequencePoint vc="1" uspid="1053" ordinal="0" offset="0" sl="27" sc="5" el="27" ec="5" bec="0" bev="0" fileid="13" />
                <SequencePoint vc="1" uspid="1054" ordinal="0" offset="1" sl="28" sc="9" el="28" ec="9" bec="0" bev="0" fileid="13" />
                <SequencePoint vc="1" uspid="1055" ordinal="0" offset="14" sl="29" sc="9" el="29" ec="9" bec="0" bev="0" fileid="13" />
                <SequencePoint vc="1" uspid="1056" ordinal="0" offset="38" sl="30" sc="5" el="30" ec="5" bec="0" bev="0" fileid="13" />
              </SequencePoints>
              <BranchPoints />
            </Method>
          </Methods>
        </Class>
        <Class>
          <Summary numSequencePoints="16" visitedSequencePoints="15" numBranchPoints="0" visitedBranchPoints="0" sequenceCoverage="93.75" branchCoverage="0.0" maxCyclomaticComplexity="0" minCyclomaticComplexity="0" maxCrapScore="0" minCrapScore="0" visitedClasses="1" numClasses="1" visitedMethods="3" numMethods="3" />
          <FullName>PlayerHealth</FullName>
          <Methods>
            <Method visited="true" cyclomaticComplexity="0" nPathComplexity="0" sequenceCoverage="100.0" branchCoverage="0" crapScore="0" isConstructor="false" isStatic="false" isGetter="false" isSetter="false">
              <Summary numSequencePoints="4" visitedSequencePoints="4" numBranchPoints="0" visitedBranchPoints="0" sequenceCoverage="100.0" branchCoverage="0" maxCyclomaticComplexity="0" minCyclomaticComplexity="0" maxCrapScore="0" minCrapScore="0" visitedClasses="0" numClasses="0" visitedMethods="1" numMethods="1" />
              <MetadataToken>100663359</MetadataToken>
              <Name>System.Void PlayerHealth::Start()</Name>
              <FileRef uid="15" />
              <SequencePoints>
                <SequencePoint vc="2" uspid="1094" ordinal="0" offset="0" sl="9" sc="5" el="9" ec="5" bec="0" bev="0" fileid="15" />
                <SequencePoint vc="2" uspid="1095" ordinal="0" offset="1" sl="11" sc="9" el="11" ec="9" bec="0" bev="0" fileid="15" />
                <SequencePoint vc="2" uspid="1096" ordinal="0" offset="21" sl="12" sc="9" el="12" ec="9" bec="0" bev="0" fileid="15" />
                <SequencePoint vc="2" uspid="1097" ordinal="0" offset="43" sl="13" sc="5" el="13" ec="5" bec="0" bev="0" fileid="15" />
              </SequencePoints>
              <BranchPoints />
            </Method>
            <Method visited="true" cyclomaticComplexity="0" nPathComplexity="0" sequenceCoverage="87.50" branchCoverage="0" crapScore="0" isConstructor="false" isStatic="false" isGetter="false" isSetter="false">
              <Summary numSequencePoints="8" visitedSequencePoints="7" numBranchPoints="0" visitedBranchPoints="0" sequenceCoverage="87.50" branchCoverage="0" maxCyclomaticComplexity="0" minCyclomaticComplexity="0" maxCrapScore="0" minCrapScore="0" visitedClasses="0" numClasses="0" visitedMethods="1" numMethods="1" />
              <MetadataToken>100663360</MetadataToken>
              <Name>System.Void PlayerHealth::ChangeHealth(System.Int32)</Name>
              <FileRef uid="15" />
              <SequencePoints>
                <SequencePoint vc="2" uspid="1098" ordinal="0" offset="0" sl="17" sc="5" el="17" ec="5" bec="0" bev="0" fileid="15" />
                <SequencePoint vc="2" uspid="1099" ordinal="0" offset="1" sl="18" sc="9" el="18" ec="9" bec="0" bev="0" fileid="15" />
                <SequencePoint vc="2" uspid="1100" ordinal="0" offset="19" sl="20" sc="9" el="20" ec="9" bec="0" bev="0" fileid="15" />
                <SequencePoint vc="0" uspid="1101" ordinal="0" offset="45" sl="21" sc="13" el="21" ec="13" bec="0" bev="0" fileid="15" />
                <SequencePoint vc="2" uspid="1102" ordinal="0" offset="65" sl="23" sc="9" el="23" ec="9" bec="0" bev="0" fileid="15" />
                <SequencePoint vc="2" uspid="1103" ordinal="0" offset="87" sl="25" sc="9" el="25" ec="9" bec="0" bev="0" fileid="15" />
                <SequencePoint vc="1" uspid="1104" ordinal="0" offset="107" sl="26" sc="13" el="26" ec="13" bec="0" bev="0" fileid="15" />
                <SequencePoint vc="2" uspid="1105" ordinal="0" offset="114" sl="27" sc="5" el="27" ec="5" bec="0" bev="0" fileid="15" />
              </SequencePoints>
              <BranchPoints />
            </Method>
            <Method visited="true" cyclomaticComplexity="0" nPathComplexity="0" sequenceCoverage="100.0" branchCoverage="0" crapScore="0" isConstructor="false" isStatic="false" isGetter="false" isSetter="false">
              <Summary numSequencePoints="4" visitedSequencePoints="4" numBranchPoints="0" visitedBranchPoints="0" sequenceCoverage="100.0" branchCoverage="0" maxCyclomaticComplexity="0" minCyclomaticComplexity="0" maxCrapScore="0" minCrapScore="0" visitedClasses="0" numClasses="0" visitedMethods="1" numMethods="1" />
              <MetadataToken>100663363</MetadataToken>
              <Name>System.Void PlayerHealth::Die()</Name>
              <FileRef uid="15" />
              <SequencePoints>
                <SequencePoint vc="1" uspid="1113" ordinal="0" offset="0" sl="43" sc="5" el="43" ec="5" bec="0" bev="0" fileid="15" />
                <SequencePoint vc="1" uspid="1114" ordinal="0" offset="1" sl="44" sc="9" el="44" ec="9" bec="0" bev="0" fileid="15" />
                <SequencePoint vc="1" uspid="1115" ordinal="0" offset="14" sl="45" sc="9" el="45" ec="9" bec="0" bev="0" fileid="15" />
                <SequencePoint vc="1" uspid="1116" ordinal="0" offset="33" sl="46" sc="5" el="46" ec="5" bec="0" bev="0" fileid="15" />
              </SequencePoints>
              <BranchPoints />
            </Method>
          </Methods>
        </Class>
        <Class>
          <Summary numSequencePoints="8" visitedSequencePoints="8" numBranchPoints="0" visitedBranchPoints="0" sequenceCoverage="100.0" branchCoverage="0.0" maxCyclomaticComplexity="0" minCyclomaticComplexity="0" maxCrapScore="0" minCrapScore="0" visitedClasses="1" numClasses="1" visitedMethods="2" numMethods="2" />
          <FullName>PlayerMovement</FullName>
          <Methods>
            <Method visited="true" cyclomaticComplexity="0" nPathComplexity="0" sequenceCoverage="100.0" branchCoverage="0" crapScore="0" isConstructor="false" isStatic="false" isGetter="false" isSetter="false">
              <Summary numSequencePoints="6" visitedSequencePoints="6" numBranchPoints="0" visitedBranchPoints="0" sequenceCoverage="100.0" branchCoverage="0" maxCyclomaticComplexity="0" minCyclomaticComplexity="0" maxCrapScore="0" minCrapScore="0" visitedClasses="0" numClasses="0" visitedMethods="1" numMethods="1" />
              <MetadataToken>100663367</MetadataToken>
              <Name>System.Void PlayerMovement::Update()</Name>
              <FileRef uid="16" />
              <SequencePoints>
                <SequencePoint vc="2" uspid="1136" ordinal="0" offset="0" sl="44" sc="5" el="44" ec="5" bec="0" bev="0" fileid="16" />
                <SequencePoint vc="2" uspid="1137" ordinal="0" offset="1" sl="46" sc="9" el="46" ec="9" bec="0" bev="0" fileid="16" />
                <SequencePoint vc="2" uspid="1138" ordinal="0" offset="17" sl="47" sc="9" el="47" ec="9" bec="0" bev="0" fileid="16" />
                <SequencePoint vc="2" uspid="1139" ordinal="0" offset="18" sl="48" sc="13" el="48" ec="13" bec="0" bev="0" fileid="16" />
                <SequencePoint vc="2" uspid="1140" ordinal="0" offset="95" sl="53" sc="9" el="53" ec="9" bec="0" bev="0" fileid="16" />
                <SequencePoint vc="2" uspid="1141" ordinal="0" offset="96" sl="54" sc="5" el="54" ec="5" bec="0" bev="0" fileid="16" />
              </SequencePoints>
              <BranchPoints />
            </Method>
            <Method visited="true" cyclomaticComplexity="0" nPathComplexity="0" sequenceCoverage="100.0" branchCoverage="0" crapScore="0" isConstructor="true" isStatic="false" isGetter="false" isSetter="false">
              <Summary numSequencePoints="2" visitedSequencePoints="2" numBranchPoints="0" visitedBranchPoints="0" sequenceCoverage="100.0" branchCoverage="0" maxCyclomaticComplexity="0" minCyclomaticComplexity="0" maxCrapScore="0" minCrapScore="0" visitedClasses="0" numClasses="0" visitedMethods="1" numMethods="1" />
              <MetadataToken>100663368</MetadataToken>
              <Name>PlayerMovement::PlayerMovement()</Name>
              <FileRef uid="16" />
              <SequencePoints>
                <SequencePoint vc="1" uspid="1142" ordinal="0" offset="0" sl="11" sc="22" el="11" ec="22" bec="0" bev="0" fileid="16" />
                <SequencePoint vc="1" uspid="1143" ordinal="0" offset="11" sl="18" sc="22" el="18" ec="22" bec="0" bev="0" fileid="16" />
              </SequencePoints>
              <BranchPoints />
            </Method>
          </Methods>
        </Class>
        <Class>
          <Summary numSequencePoints="9" visitedSequencePoints="9" numBranchPoints="0" visitedBranchPoints="0" sequenceCoverage="100.0" branchCoverage="0.0" maxCyclomaticComplexity="0" minCyclomaticComplexity="0" maxCrapScore="0" minCrapScore="0" visitedClasses="1" numClasses="1" visitedMethods="1" numMethods="1" />
          <FullName>StatsManager</FullName>
          <Methods>
            <Method visited="true" cyclomaticComplexity="0" nPathComplexity="0" sequenceCoverage="100.0" branchCoverage="0" crapScore="0" isConstructor="false" isStatic="false" isGetter="false" isSetter="false">
              <Summary numSequencePoints="9" visitedSequencePoints="9" numBranchPoints="0" visitedBranchPoints="0" sequenceCoverage="100.0" branchCoverage="0" maxCyclomaticComplexity="0" minCyclomaticComplexity="0" maxCrapScore="0" minCrapScore="0" visitedClasses="0" numClasses="0" visitedMethods="1" numMethods="1" />
              <MetadataToken>100663369</MetadataToken>
              <Name>System.Void StatsManager::Awake()</Name>
              <FileRef uid="17" />
              <SequencePoints>
                <SequencePoint vc="2" uspid="1144" ordinal="0" offset="0" sl="31" sc="5" el="31" ec="5" bec="0" bev="0" fileid="17" />
                <SequencePoint vc="2" uspid="1145" ordinal="0" offset="1" sl="32" sc="9" el="32" ec="9" bec="0" bev="0" fileid="17" />
                <SequencePoint vc="1" uspid="1146" ordinal="0" offset="16" sl="33" sc="9" el="33" ec="9" bec="0" bev="0" fileid="17" />
                <SequencePoint vc="1" uspid="1147" ordinal="0" offset="17" sl="34" sc="13" el="34" ec="13" bec="0" bev="0" fileid="17" />
                <SequencePoint vc="1" uspid="1148" ordinal="0" offset="23" sl="35" sc="9" el="35" ec="9" bec="0" bev="0" fileid="17" />
                <SequencePoint vc="1" uspid="1149" ordinal="0" offset="26" sl="37" sc="9" el="37" ec="9" bec="0" bev="0" fileid="17" />
                <SequencePoint vc="1" uspid="1150" ordinal="0" offset="27" sl="38" sc="13" el="38" ec="13" bec="0" bev="0" fileid="17" />
                <SequencePoint vc="1" uspid="1151" ordinal="0" offset="39" sl="39" sc="9" el="39" ec="9" bec="0" bev="0" fileid="17" />
                <SequencePoint vc="2" uspid="1152" ordinal="0" offset="40" sl="40" sc="5" el="40" ec="5" bec="0" bev="0" fileid="17" />
              </SequencePoints>
              <BranchPoints />
            </Method>
          </Methods>
        </Class>
      </Classes>
    </Module>
    <Module>
      <Summary numSequencePoints="26" visitedSequencePoints="26" numBranchPoints="0" visitedBranchPoints="0" sequenceCoverage="100.0" branchCoverage="0.0" maxCyclomaticComplexity="0" minCyclomaticComplexity="0" maxCrapScore="0" minCrapScore="0" visitedClasses="3" numClasses="3" visitedMethods="3" numMethods="3" />
      <ModuleTime>0001-01-01T00:00:00</ModuleTime>
      <ModuleName>Editor</ModuleName>
      <Files>
        <File uid="20" fullPath="C:/Users/farra/OneDrive/Área de Trabalho/Apulgalipse/Assets/Tests/Editor/CT006.cs" />
        <File uid="21" fullPath="C:/Users/farra/OneDrive/Área de Trabalho/Apulgalipse/Assets/Tests/Editor/CT007.cs" />
      </Files>
      <Classes>
        <Class>
          <Summary numSequencePoints="12" visitedSequencePoints="12" numBranchPoints="0" visitedBranchPoints="0" sequenceCoverage="100.0" branchCoverage="0.0" maxCyclomaticComplexity="0" minCyclomaticComplexity="0" maxCrapScore="0" minCrapScore="0" visitedClasses="1" numClasses="1" visitedMethods="1" numMethods="1" />
          <FullName>BuildScenesTests</FullName>
          <Methods>
            <Method visited="true" cyclomaticComplexity="0" nPathComplexity="0" sequenceCoverage="100.0" branchCoverage="0" crapScore="0" isConstructor="false" isStatic="false" isGetter="false" isSetter="false">
              <Summary numSequencePoints="12" visitedSequencePoints="12" numBranchPoints="0" visitedBranchPoints="0" sequenceCoverage="100.0" branchCoverage="0" maxCyclomaticComplexity="0" minCyclomaticComplexity="0" maxCrapScore="0" minCrapScore="0" visitedClasses="0" numClasses="0" visitedMethods="1" numMethods="1" />
              <MetadataToken>100663297</MetadataToken>
              <Name>System.Void BuildScenesTests::CenasEssenciaisEstaoNaBuild()</Name>
              <FileRef uid="20" />
              <SequencePoints>
                <SequencePoint vc="1" uspid="1332" ordinal="0" offset="0" sl="9" sc="5" el="9" ec="5" bec="0" bev="0" fileid="20" />
                <SequencePoint vc="1" uspid="1333" ordinal="0" offset="1" sl="10" sc="9" el="10" ec="9" bec="0" bev="0" fileid="20" />
                <SequencePoint vc="1" uspid="1334" ordinal="0" offset="16" sl="13" sc="9" el="13" ec="9" bec="0" bev="0" fileid="20" />
                <SequencePoint vc="1" uspid="1335" ordinal="0" offset="22" sl="14" sc="9" el="14" ec="9" bec="0" bev="0" fileid="20" />
                <SequencePoint vc="1" uspid="1336" ordinal="0" offset="23" sl="14" sc="30" el="14" ec="30" bec="0" bev="0" fileid="20" />
                <SequencePoint vc="1" uspid="1337" ordinal="0" offset="36" sl="14" sc="18" el="14" ec="18" bec="0" bev="0" fileid="20" />
                <SequencePoint vc="1" uspid="1338" ordinal="0" offset="46" sl="15" sc="9" el="15" ec="9" bec="0" bev="0" fileid="20" />
                <SequencePoint vc="1" uspid="1339" ordinal="0" offset="47" sl="16" sc="13" el="16" ec="13" bec="0" bev="0" fileid="20" />
                <SequencePoint vc="1" uspid="1340" ordinal="0" offset="68" sl="17" sc="13" el="17" ec="13" bec="0" bev="0" fileid="20" />
                <SequencePoint vc="1" uspid="1341" ordinal="0" offset="98" sl="18" sc="9" el="18" ec="9" bec="0" bev="0" fileid="20" />
                <SequencePoint vc="2" uspid="1342" ordinal="0" offset="103" sl="14" sc="27" el="14" ec="27" bec="0" bev="0" fileid="20" />
                <SequencePoint vc="1" uspid="1343" ordinal="0" offset="109" sl="19" sc="5" el="19" ec="5" bec="0" bev="0" fileid="20" />
              </SequencePoints>
              <BranchPoints />
            </Method>
          </Methods>
        </Class>
        <Class>
          <Summary numSequencePoints="13" visitedSequencePoints="13" numBranchPoints="0" visitedBranchPoints="0" sequenceCoverage="100.0" branchCoverage="0.0" maxCyclomaticComplexity="0" minCyclomaticComplexity="0" maxCrapScore="0" minCrapScore="0" visitedClasses="1" numClasses="1" visitedMethods="1" numMethods="1" />
          <FullName>PixelImportSettingsTests</FullName>
          <Methods>
            <Method visited="true" cyclomaticComplexity="0" nPathComplexity="0" sequenceCoverage="100.0" branchCoverage="0" crapScore="0" isConstructor="false" isStatic="false" isGetter="false" isSetter="false">
              <Summary numSequencePoints="13" visitedSequencePoints="13" numBranchPoints="0" visitedBranchPoints="0" sequenceCoverage="100.0" branchCoverage="0" maxCyclomaticComplexity="0" minCyclomaticComplexity="0" maxCrapScore="0" minCrapScore="0" visitedClasses="0" numClasses="0" visitedMethods="1" numMethods="1" />
              <MetadataToken>100663299</MetadataToken>
              <Name>System.Void PixelImportSettingsTests::SpritesPrincipais_ComFiltroPointSemCompressao()</Name>
              <FileRef uid="21" />
              <SequencePoints>
                <SequencePoint vc="1" uspid="1344" ordinal="0" offset="0" sl="10" sc="5" el="10" ec="5" bec="0" bev="0" fileid="21" />
                <SequencePoint vc="1" uspid="1345" ordinal="0" offset="1" sl="11" sc="9" el="11" ec="9" bec="0" bev="0" fileid="21" />
                <SequencePoint vc="1" uspid="1346" ordinal="0" offset="24" sl="17" sc="9" el="17" ec="9" bec="0" bev="0" fileid="21" />
                <SequencePoint vc="1" uspid="1347" ordinal="0" offset="25" sl="17" sc="30" el="17" ec="30" bec="0" bev="0" fileid="21" />
                <SequencePoint vc="2" uspid="1348" ordinal="0" offset="31" sl="17" sc="18" el="17" ec="18" bec="0" bev="0" fileid="21" />
                <SequencePoint vc="2" uspid="1349" ordinal="0" offset="35" sl="18" sc="9" el="18" ec="9" bec="0" bev="0" fileid="21" />
                <SequencePoint vc="2" uspid="1350" ordinal="0" offset="36" sl="19" sc="13" el="19" ec="13" bec="0" bev="0" fileid="21" />
                <SequencePoint vc="2" uspid="1351" ordinal="0" offset="49" sl="20" sc="13" el="20" ec="13" bec="0" bev="0" fileid="21" />
                <SequencePoint vc="2" uspid="1352" ordinal="0" offset="73" sl="21" sc="13" el="21" ec="13" bec="0" bev="0" fileid="21" />
                <SequencePoint vc="2" uspid="1353" ordinal="0" offset="113" sl="22" sc="13" el="22" ec="13" bec="0" bev="0" fileid="21" />
                <SequencePoint vc="2" uspid="1354" ordinal="0" offset="153" sl="23" sc="9" el="23" ec="9" bec="0" bev="0" fileid="21" />
                <SequencePoint vc="3" uspid="1355" ordinal="0" offset="158" sl="17" sc="27" el="17" ec="27" bec="0" bev="0" fileid="21" />
                <SequencePoint vc="1" uspid="1356" ordinal="0" offset="167" sl="24" sc="5" el="24" ec="5" bec="0" bev="0" fileid="21" />
              </SequencePoints>
              <BranchPoints />
            </Method>
          </Methods>
        </Class>
        <Class>
          <Summary numSequencePoints="1" visitedSequencePoints="1" numBranchPoints="0" visitedBranchPoints="0" sequenceCoverage="100.0" branchCoverage="0.0" maxCyclomaticComplexity="0" minCyclomaticComplexity="0" maxCrapScore="0" minCrapScore="0" visitedClasses="1" numClasses="1" visitedMethods="1" numMethods="1" />
          <FullName>BuildScenesTests/&lt;&gt;c__DisplayClass0_0</FullName>
          <Methods>
            <Method visited="true" cyclomaticComplexity="0" nPathComplexity="0" sequenceCoverage="100.0" branchCoverage="0" crapScore="0" isConstructor="false" isStatic="false" isGetter="false" isSetter="false">
              <Summary numSequencePoints="1" visitedSequencePoints="1" numBranchPoints="0" visitedBranchPoints="0" sequenceCoverage="100.0" branchCoverage="0" maxCyclomaticComplexity="0" minCyclomaticComplexity="0" maxCrapScore="0" minCrapScore="0" visitedClasses="0" numClasses="0" visitedMethods="1" numMethods="1" />
              <MetadataToken>100663304</MetadataToken>
              <Name>System.Boolean BuildScenesTests/&lt;&gt;c__DisplayClass0_0::&lt;CenasEssenciaisEstaoNaBuild&gt;b__0(UnityEditor.EditorBuildSettingsScene)</Name>
              <FileRef uid="20" />
              <SequencePoints>
                <SequencePoint vc="1" uspid="1357" ordinal="0" offset="0" sl="16" sc="56" el="16" ec="56" bec="0" bev="0" fileid="20" />
              </SequencePoints>
              <BranchPoints />
            </Method>
          </Methods>
        </Class>
      </Classes>
    </Module>
    <Module>
      <Summary numSequencePoints="247" visitedSequencePoints="215" numBranchPoints="0" visitedBranchPoints="0" sequenceCoverage="87.04" branchCoverage="0.0" maxCyclomaticComplexity="0" minCyclomaticComplexity="0" maxCrapScore="0" minCrapScore="0" visitedClasses="12" numClasses="12" visitedMethods="17" numMethods="17" />
      <ModuleTime>0001-01-01T00:00:00</ModuleTime>
      <ModuleName>PlayMode</ModuleName>
      <Files>
        <File uid="22" fullPath="C:/Users/farra/OneDrive/Área de Trabalho/Apulgalipse/Assets/Tests/PlayMode/Util.cs" />
        <File uid="23" fullPath="C:/Users/farra/OneDrive/Área de Trabalho/Apulgalipse/Assets/Tests/PlayMode/CT001.cs" />
        <File uid="24" fullPath="C:/Users/farra/OneDrive/Área de Trabalho/Apulgalipse/Assets/Tests/PlayMode/CT002.cs" />
        <File uid="25" fullPath="C:/Users/farra/OneDrive/Área de Trabalho/Apulgalipse/Assets/Tests/PlayMode/CT003.cs" />
        <File uid="26" fullPath="C:/Users/farra/OneDrive/Área de Trabalho/Apulgalipse/Assets/Tests/PlayMode/CT004.cs" />
        <File uid="27" fullPath="C:/Users/farra/OneDrive/Área de Trabalho/Apulgalipse/Assets/Tests/PlayMode/CT005.cs" />
      </Files>
      <Classes>
        <Class>
          <Summary numSequencePoints="3" visitedSequencePoints="3" numBranchPoints="0" visitedBranchPoints="0" sequenceCoverage="100.0" branchCoverage="0.0" maxCyclomaticComplexity="0" minCyclomaticComplexity="0" maxCrapScore="0" minCrapScore="0" visitedClasses="1" numClasses="1" visitedMethods="1" numMethods="1" />
          <FullName>TestTypeUtils</FullName>
          <Methods>
            <Method visited="true" cyclomaticComplexity="0" nPathComplexity="0" sequenceCoverage="100.0" branchCoverage="0" crapScore="0" isConstructor="false" isStatic="true" isGetter="false" isSetter="false">
              <Summary numSequencePoints="3" visitedSequencePoints="3" numBranchPoints="0" visitedBranchPoints="0" sequenceCoverage="100.0" branchCoverage="0" maxCyclomaticComplexity="0" minCyclomaticComplexity="0" maxCrapScore="0" minCrapScore="0" visitedClasses="0" numClasses="0" visitedMethods="1" numMethods="1" />
              <MetadataToken>100663307</MetadataToken>
              <Name>static System.Type TestTypeUtils::FindMono(System.String)</Name>
              <FileRef uid="22" />
              <SequencePoints>
                <SequencePoint vc="7" uspid="1358" ordinal="0" offset="13" sl="7" sc="5" el="7" ec="5" bec="0" bev="0" fileid="22" />
                <SequencePoint vc="7" uspid="1359" ordinal="0" offset="14" sl="8" sc="9" el="8" ec="9" bec="0" bev="0" fileid="22" />
                <SequencePoint vc="7" uspid="1360" ordinal="0" offset="80" sl="11" sc="5" el="11" ec="5" bec="0" bev="0" fileid="22" />
              </SequencePoints>
              <BranchPoints />
            </Method>
          </Methods>
        </Class>
        <Class>
          <Summary numSequencePoints="42" visitedSequencePoints="38" numBranchPoints="0" visitedBranchPoints="0" sequenceCoverage="90.48" branchCoverage="0.0" maxCyclomaticComplexity="0" minCyclomaticComplexity="0" maxCrapScore="0" minCrapScore="0" visitedClasses="1" numClasses="1" visitedMethods="1" numMethods="1" />
          <FullName>PlayerFacingAndAttackPointTests/&lt;FlipDirecao_ReposicionaAttackPoint&gt;d__0</FullName>
          <Methods>
            <Method visited="true" cyclomaticComplexity="0" nPathComplexity="0" sequenceCoverage="90.48" branchCoverage="0" crapScore="0" isConstructor="false" isStatic="false" isGetter="false" isSetter="false">
              <Summary numSequencePoints="42" visitedSequencePoints="38" numBranchPoints="0" visitedBranchPoints="0" sequenceCoverage="90.48" branchCoverage="0" maxCyclomaticComplexity="0" minCyclomaticComplexity="0" maxCrapScore="0" minCrapScore="0" visitedClasses="0" numClasses="0" visitedMethods="1" numMethods="1" />
              <MetadataToken>100663312</MetadataToken>
              <Name>System.Boolean PlayerFacingAndAttackPointTests/&lt;FlipDirecao_ReposicionaAttackPoint&gt;d__0::MoveNext()</Name>
              <FileRef uid="23" />
              <SequencePoints>
                <SequencePoint vc="1" uspid="1361" ordinal="0" offset="54" sl="10" sc="5" el="10" ec="5" bec="0" bev="0" fileid="23" />
                <SequencePoint vc="1" uspid="1362" ordinal="0" offset="55" sl="11" sc="9" el="11" ec="9" bec="0" bev="0" fileid="23" />
                <SequencePoint vc="1" uspid="1363" ordinal="0" offset="71" sl="12" sc="9" el="12" ec="9" bec="0" bev="0" fileid="23" />
                <SequencePoint vc="0" uspid="1364" ordinal="0" offset="87" sl="12" sc="29" el="12" ec="29" bec="0" bev="0" fileid="23" />
                <SequencePoint vc="0" uspid="1365" ordinal="0" offset="88" sl="12" sc="31" el="12" ec="31" bec="0" bev="0" fileid="23" />
                <SequencePoint vc="0" uspid="1366" ordinal="0" offset="99" sl="12" sc="111" el="12" ec="111" bec="0" bev="0" fileid="23" />
                <SequencePoint vc="1" uspid="1367" ordinal="0" offset="101" sl="14" sc="9" el="14" ec="9" bec="0" bev="0" fileid="23" />
                <SequencePoint vc="1" uspid="1368" ordinal="0" offset="117" sl="15" sc="9" el="15" ec="9" bec="0" bev="0" fileid="23" />
                <SequencePoint vc="1" uspid="1369" ordinal="0" offset="134" sl="15" sc="50" el="15" ec="50" bec="0" bev="0" fileid="23" />
                <SequencePoint vc="1" uspid="1370" ordinal="0" offset="157" sl="15" sc="69" el="15" ec="69" bec="0" bev="0" fileid="23" />
                <SequencePoint vc="1" uspid="1371" ordinal="0" offset="174" sl="16" sc="9" el="16" ec="9" bec="0" bev="0" fileid="23" />
                <SequencePoint vc="1" uspid="1372" ordinal="0" offset="191" sl="17" sc="9" el="17" ec="9" bec="0" bev="0" fileid="23" />
                <SequencePoint vc="1" uspid="1373" ordinal="0" offset="208" sl="18" sc="9" el="18" ec="9" bec="0" bev="0" fileid="23" />
                <SequencePoint vc="1" uspid="1374" ordinal="0" offset="229" sl="18" sc="68" el="18" ec="68" bec="0" bev="0" fileid="23" />
                <SequencePoint vc="1" uspid="1375" ordinal="0" offset="253" sl="20" sc="9" el="20" ec="9" bec="0" bev="0" fileid="23" />
                <SequencePoint vc="1" uspid="1376" ordinal="0" offset="281" sl="23" sc="9" el="23" ec="9" bec="0" bev="0" fileid="23" />
                <SequencePoint vc="1" uspid="1377" ordinal="0" offset="298" sl="24" sc="9" el="24" ec="9" bec="0" bev="0" fileid="23" />
                <SequencePoint vc="1" uspid="1378" ordinal="0" offset="320" sl="24" sc="52" el="24" ec="52" bec="0" bev="0" fileid="23" />
                <SequencePoint vc="1" uspid="1379" ordinal="0" offset="333" sl="24" sc="70" el="24" ec="70" bec="0" bev="0" fileid="23" />
                <SequencePoint vc="1" uspid="1380" ordinal="0" offset="351" sl="25" sc="9" el="25" ec="9" bec="0" bev="0" fileid="23" />
                <SequencePoint vc="1" uspid="1381" ordinal="0" offset="373" sl="25" sc="52" el="25" ec="52" bec="0" bev="0" fileid="23" />
                <SequencePoint vc="1" uspid="1382" ordinal="0" offset="386" sl="25" sc="70" el="25" ec="70" bec="0" bev="0" fileid="23" />
                <SequencePoint vc="1" uspid="1383" ordinal="0" offset="404" sl="26" sc="9" el="26" ec="9" bec="0" bev="0" fileid="23" />
                <SequencePoint vc="1" uspid="1384" ordinal="0" offset="426" sl="26" sc="55" el="26" ec="55" bec="0" bev="0" fileid="23" />
                <SequencePoint vc="1" uspid="1385" ordinal="0" offset="441" sl="26" sc="71" el="26" ec="71" bec="0" bev="0" fileid="23" />
                <SequencePoint vc="1" uspid="1386" ordinal="0" offset="459" sl="27" sc="9" el="27" ec="9" bec="0" bev="0" fileid="23" />
                <SequencePoint vc="1" uspid="1387" ordinal="0" offset="481" sl="27" sc="52" el="27" ec="52" bec="0" bev="0" fileid="23" />
                <SequencePoint vc="1" uspid="1388" ordinal="0" offset="496" sl="27" sc="70" el="27" ec="70" bec="0" bev="0" fileid="23" />
                <SequencePoint vc="1" uspid="1389" ordinal="0" offset="514" sl="28" sc="9" el="28" ec="9" bec="0" bev="0" fileid="23" />
                <SequencePoint vc="1" uspid="1390" ordinal="0" offset="536" sl="28" sc="54" el="28" ec="54" bec="0" bev="0" fileid="23" />
                <SequencePoint vc="0" uspid="1391" ordinal="0" offset="574" sl="28" sc="115" el="28" ec="115" bec="0" bev="0" fileid="23" />
                <SequencePoint vc="1" uspid="1392" ordinal="0" offset="591" sl="29" sc="9" el="29" ec="9" bec="0" bev="0" fileid="23" />
                <SequencePoint vc="1" uspid="1393" ordinal="0" offset="603" sl="31" sc="9" el="31" ec="9" bec="0" bev="0" fileid="23" />
                <SequencePoint vc="1" uspid="1394" ordinal="0" offset="616" sl="31" sc="27" el="31" ec="27" bec="0" bev="0" fileid="23" />
                <SequencePoint vc="1" uspid="1395" ordinal="0" offset="639" sl="31" sc="46" el="31" ec="46" bec="0" bev="0" fileid="23" />
                <SequencePoint vc="1" uspid="1396" ordinal="0" offset="661" sl="32" sc="9" el="32" ec="9" bec="0" bev="0" fileid="23" />
                <SequencePoint vc="1" uspid="1397" ordinal="0" offset="674" sl="32" sc="27" el="32" ec="27" bec="0" bev="0" fileid="23" />
                <SequencePoint vc="1" uspid="1398" ordinal="0" offset="697" sl="32" sc="46" el="32" ec="46" bec="0" bev="0" fileid="23" />
                <SequencePoint vc="1" uspid="1399" ordinal="0" offset="719" sl="34" sc="9" el="34" ec="9" bec="0" bev="0" fileid="23" />
                <SequencePoint vc="1" uspid="1400" ordinal="0" offset="736" sl="35" sc="9" el="35" ec="9" bec="0" bev="0" fileid="23" />
                <SequencePoint vc="1" uspid="1401" ordinal="0" offset="753" sl="36" sc="9" el="36" ec="9" bec="0" bev="0" fileid="23" />
                <SequencePoint vc="1" uspid="1402" ordinal="0" offset="765" sl="37" sc="5" el="37" ec="5" bec="0" bev="0" fileid="23" />
              </SequencePoints>
              <BranchPoints />
            </Method>
          </Methods>
        </Class>
        <Class>
          <Summary numSequencePoints="8" visitedSequencePoints="5" numBranchPoints="0" visitedBranchPoints="0" sequenceCoverage="62.50" branchCoverage="0.0" maxCyclomaticComplexity="0" minCyclomaticComplexity="0" maxCrapScore="0" minCrapScore="0" visitedClasses="1" numClasses="1" visitedMethods="2" numMethods="2" />
          <FullName>PlayerHealthTests/&lt;&gt;c</FullName>
          <Methods>
            <Method visited="true" cyclomaticComplexity="0" nPathComplexity="0" sequenceCoverage="57.14" branchCoverage="0" crapScore="0" isConstructor="false" isStatic="false" isGetter="false" isSetter="false">
              <Summary numSequencePoints="7" visitedSequencePoints="4" numBranchPoints="0" visitedBranchPoints="0" sequenceCoverage="57.14" branchCoverage="0" maxCyclomaticComplexity="0" minCyclomaticComplexity="0" maxCrapScore="0" minCrapScore="0" visitedClasses="0" numClasses="0" visitedMethods="1" numMethods="1" />
              <MetadataToken>100663318</MetadataToken>
              <Name>System.Collections.Generic.IEnumerable[Type] PlayerHealthTests/&lt;&gt;c::&lt;ChangeHealth_ClampaValores_EAtualizaBarra&gt;b__0_0(System.Reflection.Assembly)</Name>
              <FileRef uid="24" />
              <SequencePoints>
                <SequencePoint vc="136" uspid="1403" ordinal="0" offset="0" sl="15" sc="30" el="15" ec="30" bec="0" bev="0" fileid="24" />
                <SequencePoint vc="136" uspid="1404" ordinal="0" offset="1" sl="15" sc="36" el="15" ec="36" bec="0" bev="0" fileid="24" />
                <SequencePoint vc="136" uspid="1405" ordinal="0" offset="2" sl="15" sc="38" el="15" ec="38" bec="0" bev="0" fileid="24" />
                <SequencePoint vc="0" uspid="1406" ordinal="0" offset="11" sl="15" sc="61" el="15" ec="61" bec="0" bev="0" fileid="24" />
                <SequencePoint vc="0" uspid="1407" ordinal="0" offset="12" sl="15" sc="67" el="15" ec="67" bec="0" bev="0" fileid="24" />
                <SequencePoint vc="0" uspid="1408" ordinal="0" offset="13" sl="15" sc="69" el="15" ec="69" bec="0" bev="0" fileid="24" />
                <SequencePoint vc="136" uspid="1409" ordinal="0" offset="21" sl="15" sc="99" el="15" ec="99" bec="0" bev="0" fileid="24" />
              </SequencePoints>
              <BranchPoints />
            </Method>
            <Method visited="true" cyclomaticComplexity="0" nPathComplexity="0" sequenceCoverage="100.0" branchCoverage="0" crapScore="0" isConstructor="false" isStatic="false" isGetter="false" isSetter="false">
              <Summary numSequencePoints="1" visitedSequencePoints="1" numBranchPoints="0" visitedBranchPoints="0" sequenceCoverage="100.0" branchCoverage="0" maxCyclomaticComplexity="0" minCyclomaticComplexity="0" maxCrapScore="0" minCrapScore="0" visitedClasses="0" numClasses="0" visitedMethods="1" numMethods="1" />
              <MetadataToken>100663319</MetadataToken>
              <Name>System.Boolean PlayerHealthTests/&lt;&gt;c::&lt;ChangeHealth_ClampaValores_EAtualizaBarra&gt;b__0_1(System.Type)</Name>
              <FileRef uid="24" />
              <SequencePoints>
                <SequencePoint vc="25737" uspid="1410" ordinal="0" offset="0" sl="16" sc="34" el="16" ec="34" bec="0" bev="0" fileid="24" />
              </SequencePoints>
              <BranchPoints />
            </Method>
          </Methods>
        </Class>
        <Class>
          <Summary numSequencePoints="36" visitedSequencePoints="30" numBranchPoints="0" visitedBranchPoints="0" sequenceCoverage="83.33" branchCoverage="0.0" maxCyclomaticComplexity="0" minCyclomaticComplexity="0" maxCrapScore="0" minCrapScore="0" visitedClasses="1" numClasses="1" visitedMethods="1" numMethods="1" />
          <FullName>PlayerHealthTests/&lt;ChangeHealth_ClampaValores_EAtualizaBarra&gt;d__0</FullName>
          <Methods>
            <Method visited="true" cyclomaticComplexity="0" nPathComplexity="0" sequenceCoverage="83.33" branchCoverage="0" crapScore="0" isConstructor="false" isStatic="false" isGetter="false" isSetter="false">
              <Summary numSequencePoints="36" visitedSequencePoints="30" numBranchPoints="0" visitedBranchPoints="0" sequenceCoverage="83.33" branchCoverage="0" maxCyclomaticComplexity="0" minCyclomaticComplexity="0" maxCrapScore="0" minCrapScore="0" visitedClasses="0" numClasses="0" visitedMethods="1" numMethods="1" />
              <MetadataToken>100663322</MetadataToken>
              <Name>System.Boolean PlayerHealthTests/&lt;ChangeHealth_ClampaValores_EAtualizaBarra&gt;d__0::MoveNext()</Name>
              <FileRef uid="24" />
              <SequencePoints>
                <SequencePoint vc="1" uspid="1411" ordinal="0" offset="57" sl="12" sc="5" el="12" ec="5" bec="0" bev="0" fileid="24" />
                <SequencePoint vc="1" uspid="1412" ordinal="0" offset="58" sl="14" sc="9" el="14" ec="9" bec="0" bev="0" fileid="24" />
                <SequencePoint vc="1" uspid="1413" ordinal="0" offset="146" sl="17" sc="9" el="17" ec="9" bec="0" bev="0" fileid="24" />
                <SequencePoint vc="1" uspid="1414" ordinal="0" offset="168" sl="19" sc="9" el="19" ec="9" bec="0" bev="0" fileid="24" />
                <SequencePoint vc="1" uspid="1415" ordinal="0" offset="184" sl="20" sc="9" el="20" ec="9" bec="0" bev="0" fileid="24" />
                <SequencePoint vc="1" uspid="1416" ordinal="0" offset="207" sl="23" sc="9" el="23" ec="9" bec="0" bev="0" fileid="24" />
                <SequencePoint vc="1" uspid="1417" ordinal="0" offset="229" sl="24" sc="9" el="24" ec="9" bec="0" bev="0" fileid="24" />
                <SequencePoint vc="1" uspid="1418" ordinal="0" offset="254" sl="25" sc="9" el="25" ec="9" bec="0" bev="0" fileid="24" />
                <SequencePoint vc="1" uspid="1419" ordinal="0" offset="294" sl="26" sc="9" el="26" ec="9" bec="0" bev="0" fileid="24" />
                <SequencePoint vc="1" uspid="1420" ordinal="0" offset="334" sl="29" sc="9" el="29" ec="9" bec="0" bev="0" fileid="24" />
                <SequencePoint vc="1" uspid="1421" ordinal="0" offset="350" sl="30" sc="9" el="30" ec="9" bec="0" bev="0" fileid="24" />
                <SequencePoint vc="1" uspid="1422" ordinal="0" offset="357" sl="31" sc="9" el="31" ec="9" bec="0" bev="0" fileid="24" />
                <SequencePoint vc="1" uspid="1423" ordinal="0" offset="373" sl="31" sc="29" el="31" ec="29" bec="0" bev="0" fileid="24" />
                <SequencePoint vc="1" uspid="1424" ordinal="0" offset="400" sl="34" sc="9" el="34" ec="9" bec="0" bev="0" fileid="24" />
                <SequencePoint vc="1" uspid="1425" ordinal="0" offset="416" sl="35" sc="9" el="35" ec="9" bec="0" bev="0" fileid="24" />
                <SequencePoint vc="1" uspid="1426" ordinal="0" offset="438" sl="36" sc="9" el="36" ec="9" bec="0" bev="0" fileid="24" />
                <SequencePoint vc="1" uspid="1427" ordinal="0" offset="454" sl="37" sc="9" el="37" ec="9" bec="0" bev="0" fileid="24" />
                <SequencePoint vc="1" uspid="1428" ordinal="0" offset="477" sl="40" sc="9" el="40" ec="9" bec="0" bev="0" fileid="24" />
                <SequencePoint vc="1" uspid="1429" ordinal="0" offset="493" sl="41" sc="9" el="41" ec="9" bec="0" bev="0" fileid="24" />
                <SequencePoint vc="1" uspid="1430" ordinal="0" offset="494" sl="42" sc="13" el="42" ec="13" bec="0" bev="0" fileid="24" />
                <SequencePoint vc="1" uspid="1431" ordinal="0" offset="511" sl="43" sc="13" el="43" ec="13" bec="0" bev="0" fileid="24" />
                <SequencePoint vc="1" uspid="1432" ordinal="0" offset="533" sl="44" sc="13" el="44" ec="13" bec="0" bev="0" fileid="24" />
                <SequencePoint vc="1" uspid="1433" ordinal="0" offset="546" sl="44" sc="30" el="44" ec="30" bec="0" bev="0" fileid="24" />
                <SequencePoint vc="1" uspid="1434" ordinal="0" offset="569" sl="45" sc="13" el="45" ec="13" bec="0" bev="0" fileid="24" />
                <SequencePoint vc="1" uspid="1435" ordinal="0" offset="581" sl="46" sc="9" el="46" ec="9" bec="0" bev="0" fileid="24" />
                <SequencePoint vc="1" uspid="1436" ordinal="0" offset="596" sl="48" sc="9" el="48" ec="9" bec="0" bev="0" fileid="24" />
                <SequencePoint vc="1" uspid="1437" ordinal="0" offset="619" sl="50" sc="9" el="50" ec="9" bec="0" bev="0" fileid="24" />
                <SequencePoint vc="1" uspid="1438" ordinal="0" offset="669" sl="51" sc="9" el="51" ec="9" bec="0" bev="0" fileid="24" />
                <SequencePoint vc="1" uspid="1439" ordinal="0" offset="692" sl="52" sc="9" el="52" ec="9" bec="0" bev="0" fileid="24" />
                <SequencePoint vc="1" uspid="1440" ordinal="0" offset="747" sl="53" sc="9" el="53" ec="9" bec="0" bev="0" fileid="24" />
                <SequencePoint vc="0" uspid="1441" ordinal="0" offset="760" sl="55" sc="9" el="55" ec="9" bec="0" bev="0" fileid="24" />
                <SequencePoint vc="0" uspid="1442" ordinal="0" offset="813" sl="56" sc="9" el="56" ec="9" bec="0" bev="0" fileid="24" />
                <SequencePoint vc="0" uspid="1443" ordinal="0" offset="836" sl="57" sc="9" el="57" ec="9" bec="0" bev="0" fileid="24" />
                <SequencePoint vc="0" uspid="1444" ordinal="0" offset="891" sl="58" sc="9" el="58" ec="9" bec="0" bev="0" fileid="24" />
                <SequencePoint vc="0" uspid="1445" ordinal="0" offset="946" sl="59" sc="9" el="59" ec="9" bec="0" bev="0" fileid="24" />
                <SequencePoint vc="0" uspid="1446" ordinal="0" offset="974" sl="60" sc="5" el="60" ec="5" bec="0" bev="0" fileid="24" />
              </SequencePoints>
              <BranchPoints />
            </Method>
          </Methods>
        </Class>
        <Class>
          <Summary numSequencePoints="8" visitedSequencePoints="5" numBranchPoints="0" visitedBranchPoints="0" sequenceCoverage="62.50" branchCoverage="0.0" maxCyclomaticComplexity="0" minCyclomaticComplexity="0" maxCrapScore="0" minCrapScore="0" visitedClasses="1" numClasses="1" visitedMethods="2" numMethods="2" />
          <FullName>EnemyDamagePlayerTests/&lt;&gt;c</FullName>
          <Methods>
            <Method visited="true" cyclomaticComplexity="0" nPathComplexity="0" sequenceCoverage="57.14" branchCoverage="0" crapScore="0" isConstructor="false" isStatic="false" isGetter="false" isSetter="false">
              <Summary numSequencePoints="7" visitedSequencePoints="4" numBranchPoints="0" visitedBranchPoints="0" sequenceCoverage="57.14" branchCoverage="0" maxCyclomaticComplexity="0" minCyclomaticComplexity="0" maxCrapScore="0" minCrapScore="0" visitedClasses="0" numClasses="0" visitedMethods="1" numMethods="1" />
              <MetadataToken>100663328</MetadataToken>
              <Name>System.Collections.Generic.IEnumerable[Type] EnemyDamagePlayerTests/&lt;&gt;c::&lt;ColisaoComEnemy_ReduzVidaPlayer&gt;b__0_0(System.Reflection.Assembly)</Name>
              <FileRef uid="25" />
              <SequencePoints>
                <SequencePoint vc="136" uspid="1447" ordinal="0" offset="0" sl="14" sc="30" el="14" ec="30" bec="0" bev="0" fileid="25" />
                <SequencePoint vc="136" uspid="1448" ordinal="0" offset="1" sl="14" sc="36" el="14" ec="36" bec="0" bev="0" fileid="25" />
                <SequencePoint vc="136" uspid="1449" ordinal="0" offset="2" sl="14" sc="38" el="14" ec="38" bec="0" bev="0" fileid="25" />
                <SequencePoint vc="0" uspid="1450" ordinal="0" offset="11" sl="14" sc="61" el="14" ec="61" bec="0" bev="0" fileid="25" />
                <SequencePoint vc="0" uspid="1451" ordinal="0" offset="12" sl="14" sc="67" el="14" ec="67" bec="0" bev="0" fileid="25" />
                <SequencePoint vc="0" uspid="1452" ordinal="0" offset="13" sl="14" sc="69" el="14" ec="69" bec="0" bev="0" fileid="25" />
                <SequencePoint vc="136" uspid="1453" ordinal="0" offset="21" sl="14" sc="99" el="14" ec="99" bec="0" bev="0" fileid="25" />
              </SequencePoints>
              <BranchPoints />
            </Method>
            <Method visited="true" cyclomaticComplexity="0" nPathComplexity="0" sequenceCoverage="100.0" branchCoverage="0" crapScore="0" isConstructor="false" isStatic="false" isGetter="false" isSetter="false">
              <Summary numSequencePoints="1" visitedSequencePoints="1" numBranchPoints="0" visitedBranchPoints="0" sequenceCoverage="100.0" branchCoverage="0" maxCyclomaticComplexity="0" minCyclomaticComplexity="0" maxCrapScore="0" minCrapScore="0" visitedClasses="0" numClasses="0" visitedMethods="1" numMethods="1" />
              <MetadataToken>100663329</MetadataToken>
              <Name>System.Boolean EnemyDamagePlayerTests/&lt;&gt;c::&lt;ColisaoComEnemy_ReduzVidaPlayer&gt;b__0_1(System.Type)</Name>
              <FileRef uid="25" />
              <SequencePoints>
                <SequencePoint vc="25737" uspid="1454" ordinal="0" offset="0" sl="15" sc="34" el="15" ec="34" bec="0" bev="0" fileid="25" />
              </SequencePoints>
              <BranchPoints />
            </Method>
          </Methods>
        </Class>
        <Class>
          <Summary numSequencePoints="46" visitedSequencePoints="46" numBranchPoints="0" visitedBranchPoints="0" sequenceCoverage="100.0" branchCoverage="0.0" maxCyclomaticComplexity="0" minCyclomaticComplexity="0" maxCrapScore="0" minCrapScore="0" visitedClasses="1" numClasses="1" visitedMethods="1" numMethods="1" />
          <FullName>EnemyDamagePlayerTests/&lt;ColisaoComEnemy_ReduzVidaPlayer&gt;d__0</FullName>
          <Methods>
            <Method visited="true" cyclomaticComplexity="0" nPathComplexity="0" sequenceCoverage="100.0" branchCoverage="0" crapScore="0" isConstructor="false" isStatic="false" isGetter="false" isSetter="false">
              <Summary numSequencePoints="46" visitedSequencePoints="46" numBranchPoints="0" visitedBranchPoints="0" sequenceCoverage="100.0" branchCoverage="0" maxCyclomaticComplexity="0" minCyclomaticComplexity="0" maxCrapScore="0" minCrapScore="0" visitedClasses="0" numClasses="0" visitedMethods="1" numMethods="1" />
              <MetadataToken>100663332</MetadataToken>
              <Name>System.Boolean EnemyDamagePlayerTests/&lt;ColisaoComEnemy_ReduzVidaPlayer&gt;d__0::MoveNext()</Name>
              <FileRef uid="25" />
              <SequencePoints>
                <SequencePoint vc="1" uspid="1455" ordinal="0" offset="66" sl="12" sc="5" el="12" ec="5" bec="0" bev="0" fileid="25" />
                <SequencePoint vc="1" uspid="1456" ordinal="0" offset="67" sl="13" sc="9" el="13" ec="9" bec="0" bev="0" fileid="25" />
                <SequencePoint vc="1" uspid="1457" ordinal="0" offset="155" sl="16" sc="9" el="16" ec="9" bec="0" bev="0" fileid="25" />
                <SequencePoint vc="1" uspid="1458" ordinal="0" offset="177" sl="18" sc="9" el="18" ec="9" bec="0" bev="0" fileid="25" />
                <SequencePoint vc="1" uspid="1459" ordinal="0" offset="193" sl="19" sc="9" el="19" ec="9" bec="0" bev="0" fileid="25" />
                <SequencePoint vc="1" uspid="1460" ordinal="0" offset="216" sl="20" sc="9" el="20" ec="9" bec="0" bev="0" fileid="25" />
                <SequencePoint vc="1" uspid="1461" ordinal="0" offset="251" sl="21" sc="9" el="21" ec="9" bec="0" bev="0" fileid="25" />
                <SequencePoint vc="1" uspid="1462" ordinal="0" offset="291" sl="22" sc="9" el="22" ec="9" bec="0" bev="0" fileid="25" />
                <SequencePoint vc="1" uspid="1463" ordinal="0" offset="331" sl="24" sc="9" el="24" ec="9" bec="0" bev="0" fileid="25" />
                <SequencePoint vc="1" uspid="1464" ordinal="0" offset="347" sl="25" sc="9" el="25" ec="9" bec="0" bev="0" fileid="25" />
                <SequencePoint vc="1" uspid="1465" ordinal="0" offset="364" sl="26" sc="9" el="26" ec="9" bec="0" bev="0" fileid="25" />
                <SequencePoint vc="1" uspid="1466" ordinal="0" offset="381" sl="26" sc="55" el="26" ec="55" bec="0" bev="0" fileid="25" />
                <SequencePoint vc="1" uspid="1467" ordinal="0" offset="404" sl="26" sc="74" el="26" ec="74" bec="0" bev="0" fileid="25" />
                <SequencePoint vc="1" uspid="1468" ordinal="0" offset="421" sl="27" sc="9" el="27" ec="9" bec="0" bev="0" fileid="25" />
                <SequencePoint vc="1" uspid="1469" ordinal="0" offset="433" sl="29" sc="9" el="29" ec="9" bec="0" bev="0" fileid="25" />
                <SequencePoint vc="1" uspid="1470" ordinal="0" offset="449" sl="30" sc="9" el="30" ec="9" bec="0" bev="0" fileid="25" />
                <SequencePoint vc="1" uspid="1471" ordinal="0" offset="471" sl="31" sc="9" el="31" ec="9" bec="0" bev="0" fileid="25" />
                <SequencePoint vc="1" uspid="1472" ordinal="0" offset="494" sl="34" sc="9" el="34" ec="9" bec="0" bev="0" fileid="25" />
                <SequencePoint vc="1" uspid="1473" ordinal="0" offset="510" sl="35" sc="9" el="35" ec="9" bec="0" bev="0" fileid="25" />
                <SequencePoint vc="1" uspid="1474" ordinal="0" offset="529" sl="36" sc="9" el="36" ec="9" bec="0" bev="0" fileid="25" />
                <SequencePoint vc="1" uspid="1475" ordinal="0" offset="530" sl="37" sc="13" el="37" ec="13" bec="0" bev="0" fileid="25" />
                <SequencePoint vc="1" uspid="1476" ordinal="0" offset="557" sl="39" sc="13" el="39" ec="13" bec="0" bev="0" fileid="25" />
                <SequencePoint vc="1" uspid="1477" ordinal="0" offset="574" sl="40" sc="13" el="40" ec="13" bec="0" bev="0" fileid="25" />
                <SequencePoint vc="1" uspid="1478" ordinal="0" offset="596" sl="41" sc="13" el="41" ec="13" bec="0" bev="0" fileid="25" />
                <SequencePoint vc="1" uspid="1479" ordinal="0" offset="609" sl="41" sc="33" el="41" ec="33" bec="0" bev="0" fileid="25" />
                <SequencePoint vc="1" uspid="1480" ordinal="0" offset="627" sl="42" sc="13" el="42" ec="13" bec="0" bev="0" fileid="25" />
                <SequencePoint vc="1" uspid="1481" ordinal="0" offset="639" sl="44" sc="9" el="44" ec="9" bec="0" bev="0" fileid="25" />
                <SequencePoint vc="1" uspid="1482" ordinal="0" offset="661" sl="46" sc="9" el="46" ec="9" bec="0" bev="0" fileid="25" />
                <SequencePoint vc="1" uspid="1483" ordinal="0" offset="684" sl="48" sc="9" el="48" ec="9" bec="0" bev="0" fileid="25" />
                <SequencePoint vc="1" uspid="1484" ordinal="0" offset="700" sl="49" sc="9" el="49" ec="9" bec="0" bev="0" fileid="25" />
                <SequencePoint vc="1" uspid="1485" ordinal="0" offset="717" sl="49" sc="54" el="49" ec="54" bec="0" bev="0" fileid="25" />
                <SequencePoint vc="1" uspid="1486" ordinal="0" offset="740" sl="49" sc="73" el="49" ec="73" bec="0" bev="0" fileid="25" />
                <SequencePoint vc="1" uspid="1487" ordinal="0" offset="757" sl="50" sc="9" el="50" ec="9" bec="0" bev="0" fileid="25" />
                <SequencePoint vc="1" uspid="1488" ordinal="0" offset="769" sl="52" sc="9" el="52" ec="9" bec="0" bev="0" fileid="25" />
                <SequencePoint vc="1" uspid="1489" ordinal="0" offset="785" sl="53" sc="9" el="53" ec="9" bec="0" bev="0" fileid="25" />
                <SequencePoint vc="1" uspid="1490" ordinal="0" offset="807" sl="54" sc="9" el="54" ec="9" bec="0" bev="0" fileid="25" />
                <SequencePoint vc="1" uspid="1491" ordinal="0" offset="830" sl="55" sc="9" el="55" ec="9" bec="0" bev="0" fileid="25" />
                <SequencePoint vc="1" uspid="1492" ordinal="0" offset="852" sl="55" sc="51" el="55" ec="51" bec="0" bev="0" fileid="25" />
                <SequencePoint vc="1" uspid="1493" ordinal="0" offset="868" sl="55" sc="73" el="55" ec="73" bec="0" bev="0" fileid="25" />
                <SequencePoint vc="1" uspid="1494" ordinal="0" offset="892" sl="57" sc="9" el="57" ec="9" bec="0" bev="0" fileid="25" />
                <SequencePoint vc="1" uspid="1495" ordinal="0" offset="947" sl="58" sc="9" el="58" ec="9" bec="0" bev="0" fileid="25" />
                <SequencePoint vc="1" uspid="1496" ordinal="0" offset="969" sl="59" sc="9" el="59" ec="9" bec="0" bev="0" fileid="25" />
                <SequencePoint vc="1" uspid="1497" ordinal="0" offset="1006" sl="61" sc="9" el="61" ec="9" bec="0" bev="0" fileid="25" />
                <SequencePoint vc="1" uspid="1498" ordinal="0" offset="1033" sl="63" sc="9" el="63" ec="9" bec="0" bev="0" fileid="25" />
                <SequencePoint vc="1" uspid="1499" ordinal="0" offset="1088" sl="64" sc="9" el="64" ec="9" bec="0" bev="0" fileid="25" />
                <SequencePoint vc="1" uspid="1500" ordinal="0" offset="1116" sl="65" sc="5" el="65" ec="5" bec="0" bev="0" fileid="25" />
              </SequencePoints>
              <BranchPoints />
            </Method>
          </Methods>
        </Class>
        <Class>
          <Summary numSequencePoints="16" visitedSequencePoints="10" numBranchPoints="0" visitedBranchPoints="0" sequenceCoverage="62.50" branchCoverage="0.0" maxCyclomaticComplexity="0" minCyclomaticComplexity="0" maxCrapScore="0" minCrapScore="0" visitedClasses="1" numClasses="1" visitedMethods="4" numMethods="4" />
          <FullName>LootPickupTests/&lt;&gt;c</FullName>
          <Methods>
            <Method visited="true" cyclomaticComplexity="0" nPathComplexity="0" sequenceCoverage="57.14" branchCoverage="0" crapScore="0" isConstructor="false" isStatic="false" isGetter="false" isSetter="false">
              <Summary numSequencePoints="7" visitedSequencePoints="4" numBranchPoints="0" visitedBranchPoints="0" sequenceCoverage="57.14" branchCoverage="0" maxCyclomaticComplexity="0" minCyclomaticComplexity="0" maxCrapScore="0" minCrapScore="0" visitedClasses="0" numClasses="0" visitedMethods="1" numMethods="1" />
              <MetadataToken>100663338</MetadataToken>
              <Name>System.Collections.Generic.IEnumerable[Type] LootPickupTests/&lt;&gt;c::&lt;EntrarNaAreaDeLoot_DisparaEvento_OnItemLooted&gt;b__0_0(System.Reflection.Assembly)</Name>
              <FileRef uid="26" />
              <SequencePoints>
                <SequencePoint vc="136" uspid="1501" ordinal="0" offset="0" sl="15" sc="30" el="15" ec="30" bec="0" bev="0" fileid="26" />
                <SequencePoint vc="136" uspid="1502" ordinal="0" offset="1" sl="15" sc="36" el="15" ec="36" bec="0" bev="0" fileid="26" />
                <SequencePoint vc="136" uspid="1503" ordinal="0" offset="2" sl="15" sc="38" el="15" ec="38" bec="0" bev="0" fileid="26" />
                <SequencePoint vc="0" uspid="1504" ordinal="0" offset="11" sl="15" sc="61" el="15" ec="61" bec="0" bev="0" fileid="26" />
                <SequencePoint vc="0" uspid="1505" ordinal="0" offset="12" sl="15" sc="67" el="15" ec="67" bec="0" bev="0" fileid="26" />
                <SequencePoint vc="0" uspid="1506" ordinal="0" offset="13" sl="15" sc="69" el="15" ec="69" bec="0" bev="0" fileid="26" />
                <SequencePoint vc="136" uspid="1507" ordinal="0" offset="21" sl="15" sc="99" el="15" ec="99" bec="0" bev="0" fileid="26" />
              </SequencePoints>
              <BranchPoints />
            </Method>
            <Method visited="true" cyclomaticComplexity="0" nPathComplexity="0" sequenceCoverage="100.0" branchCoverage="0" crapScore="0" isConstructor="false" isStatic="false" isGetter="false" isSetter="false">
              <Summary numSequencePoints="1" visitedSequencePoints="1" numBranchPoints="0" visitedBranchPoints="0" sequenceCoverage="100.0" branchCoverage="0" maxCyclomaticComplexity="0" minCyclomaticComplexity="0" maxCrapScore="0" minCrapScore="0" visitedClasses="0" numClasses="0" visitedMethods="1" numMethods="1" />
              <MetadataToken>100663339</MetadataToken>
              <Name>System.Boolean LootPickupTests/&lt;&gt;c::&lt;EntrarNaAreaDeLoot_DisparaEvento_OnItemLooted&gt;b__0_1(System.Type)</Name>
              <FileRef uid="26" />
              <SequencePoints>
                <SequencePoint vc="25728" uspid="1508" ordinal="0" offset="0" sl="16" sc="34" el="16" ec="34" bec="0" bev="0" fileid="26" />
              </SequencePoints>
              <BranchPoints />
            </Method>
            <Method visited="true" cyclomaticComplexity="0" nPathComplexity="0" sequenceCoverage="57.14" branchCoverage="0" crapScore="0" isConstructor="false" isStatic="false" isGetter="false" isSetter="false">
              <Summary numSequencePoints="7" visitedSequencePoints="4" numBranchPoints="0" visitedBranchPoints="0" sequenceCoverage="57.14" branchCoverage="0" maxCyclomaticComplexity="0" minCyclomaticComplexity="0" maxCrapScore="0" minCrapScore="0" visitedClasses="0" numClasses="0" visitedMethods="1" numMethods="1" />
              <MetadataToken>100663340</MetadataToken>
              <Name>System.Collections.Generic.IEnumerable[Type] LootPickupTests/&lt;&gt;c::&lt;EntrarNaAreaDeLoot_DisparaEvento_OnItemLooted&gt;b__0_2(System.Reflection.Assembly)</Name>
              <FileRef uid="26" />
              <SequencePoints>
                <SequencePoint vc="136" uspid="1509" ordinal="0" offset="0" sl="20" sc="30" el="20" ec="30" bec="0" bev="0" fileid="26" />
                <SequencePoint vc="136" uspid="1510" ordinal="0" offset="1" sl="20" sc="36" el="20" ec="36" bec="0" bev="0" fileid="26" />
                <SequencePoint vc="136" uspid="1511" ordinal="0" offset="2" sl="20" sc="38" el="20" ec="38" bec="0" bev="0" fileid="26" />
                <SequencePoint vc="0" uspid="1512" ordinal="0" offset="11" sl="20" sc="61" el="20" ec="61" bec="0" bev="0" fileid="26" />
                <SequencePoint vc="0" uspid="1513" ordinal="0" offset="12" sl="20" sc="67" el="20" ec="67" bec="0" bev="0" fileid="26" />
                <SequencePoint vc="0" uspid="1514" ordinal="0" offset="13" sl="20" sc="69" el="20" ec="69" bec="0" bev="0" fileid="26" />
                <SequencePoint vc="136" uspid="1515" ordinal="0" offset="21" sl="20" sc="99" el="20" ec="99" bec="0" bev="0" fileid="26" />
              </SequencePoints>
              <BranchPoints />
            </Method>
            <Method visited="true" cyclomaticComplexity="0" nPathComplexity="0" sequenceCoverage="100.0" branchCoverage="0" crapScore="0" isConstructor="false" isStatic="false" isGetter="false" isSetter="false">
              <Summary numSequencePoints="1" visitedSequencePoints="1" numBranchPoints="0" visitedBranchPoints="0" sequenceCoverage="100.0" branchCoverage="0" maxCyclomaticComplexity="0" minCyclomaticComplexity="0" maxCrapScore="0" minCrapScore="0" visitedClasses="0" numClasses="0" visitedMethods="1" numMethods="1" />
              <MetadataToken>100663341</MetadataToken>
              <Name>System.Boolean LootPickupTests/&lt;&gt;c::&lt;EntrarNaAreaDeLoot_DisparaEvento_OnItemLooted&gt;b__0_3(System.Type)</Name>
              <FileRef uid="26" />
              <SequencePoints>
                <SequencePoint vc="25727" uspid="1516" ordinal="0" offset="0" sl="21" sc="34" el="21" ec="34" bec="0" bev="0" fileid="26" />
              </SequencePoints>
              <BranchPoints />
            </Method>
          </Methods>
        </Class>
        <Class>
          <Summary numSequencePoints="3" visitedSequencePoints="3" numBranchPoints="0" visitedBranchPoints="0" sequenceCoverage="100.0" branchCoverage="0.0" maxCyclomaticComplexity="0" minCyclomaticComplexity="0" maxCrapScore="0" minCrapScore="0" visitedClasses="1" numClasses="1" visitedMethods="1" numMethods="1" />
          <FullName>LootPickupTests/&lt;&gt;c__DisplayClass0_0</FullName>
          <Methods>
            <Method visited="true" cyclomaticComplexity="0" nPathComplexity="0" sequenceCoverage="100.0" branchCoverage="0" crapScore="0" isConstructor="false" isStatic="false" isGetter="false" isSetter="false">
              <Summary numSequencePoints="3" visitedSequencePoints="3" numBranchPoints="0" visitedBranchPoints="0" sequenceCoverage="100.0" branchCoverage="0" maxCyclomaticComplexity="0" minCyclomaticComplexity="0" maxCrapScore="0" minCrapScore="0" visitedClasses="0" numClasses="0" visitedMethods="1" numMethods="1" />
              <MetadataToken>100663343</MetadataToken>
              <Name>System.Void LootPickupTests/&lt;&gt;c__DisplayClass0_0::&lt;EntrarNaAreaDeLoot_DisparaEvento_OnItemLooted&gt;b__4(System.Object, System.Int32)</Name>
              <FileRef uid="26" />
              <SequencePoints>
                <SequencePoint vc="2" uspid="1517" ordinal="0" offset="0" sl="29" sc="62" el="29" ec="62" bec="0" bev="0" fileid="26" />
                <SequencePoint vc="2" uspid="1518" ordinal="0" offset="1" sl="29" sc="64" el="29" ec="64" bec="0" bev="0" fileid="26" />
                <SequencePoint vc="2" uspid="1519" ordinal="0" offset="8" sl="29" sc="86" el="29" ec="86" bec="0" bev="0" fileid="26" />
              </SequencePoints>
              <BranchPoints />
            </Method>
          </Methods>
        </Class>
        <Class>
          <Summary numSequencePoints="53" visitedSequencePoints="49" numBranchPoints="0" visitedBranchPoints="0" sequenceCoverage="92.45" branchCoverage="0.0" maxCyclomaticComplexity="0" minCyclomaticComplexity="0" maxCrapScore="0" minCrapScore="0" visitedClasses="1" numClasses="1" visitedMethods="1" numMethods="1" />
          <FullName>LootPickupTests/&lt;EntrarNaAreaDeLoot_DisparaEvento_OnItemLooted&gt;d__0</FullName>
          <Methods>
            <Method visited="true" cyclomaticComplexity="0" nPathComplexity="0" sequenceCoverage="92.45" branchCoverage="0" crapScore="0" isConstructor="false" isStatic="false" isGetter="false" isSetter="false">
              <Summary numSequencePoints="53" visitedSequencePoints="49" numBranchPoints="0" visitedBranchPoints="0" sequenceCoverage="92.45" branchCoverage="0" maxCyclomaticComplexity="0" minCyclomaticComplexity="0" maxCrapScore="0" minCrapScore="0" visitedClasses="0" numClasses="0" visitedMethods="1" numMethods="1" />
              <MetadataToken>100663346</MetadataToken>
              <Name>System.Boolean LootPickupTests/&lt;EntrarNaAreaDeLoot_DisparaEvento_OnItemLooted&gt;d__0::MoveNext()</Name>
              <FileRef uid="26" />
              <SequencePoints>
                <SequencePoint vc="1" uspid="1520" ordinal="0" offset="45" sl="12" sc="5" el="12" ec="5" bec="0" bev="0" fileid="26" />
                <SequencePoint vc="1" uspid="1521" ordinal="0" offset="46" sl="14" sc="9" el="14" ec="9" bec="0" bev="0" fileid="26" />
                <SequencePoint vc="1" uspid="1522" ordinal="0" offset="134" sl="17" sc="9" el="17" ec="9" bec="0" bev="0" fileid="26" />
                <SequencePoint vc="1" uspid="1523" ordinal="0" offset="156" sl="19" sc="9" el="19" ec="9" bec="0" bev="0" fileid="26" />
                <SequencePoint vc="1" uspid="1524" ordinal="0" offset="244" sl="25" sc="9" el="25" ec="9" bec="0" bev="0" fileid="26" />
                <SequencePoint vc="1" uspid="1525" ordinal="0" offset="266" sl="26" sc="9" el="26" ec="9" bec="0" bev="0" fileid="26" />
                <SequencePoint vc="1" uspid="1526" ordinal="0" offset="288" sl="28" sc="9" el="28" ec="9" bec="0" bev="0" fileid="26" />
                <SequencePoint vc="1" uspid="1527" ordinal="0" offset="300" sl="29" sc="9" el="29" ec="9" bec="0" bev="0" fileid="26" />
                <SequencePoint vc="1" uspid="1528" ordinal="0" offset="323" sl="30" sc="9" el="30" ec="9" bec="0" bev="0" fileid="26" />
                <SequencePoint vc="1" uspid="1529" ordinal="0" offset="367" sl="31" sc="9" el="31" ec="9" bec="0" bev="0" fileid="26" />
                <SequencePoint vc="1" uspid="1530" ordinal="0" offset="386" sl="33" sc="9" el="33" ec="9" bec="0" bev="0" fileid="26" />
                <SequencePoint vc="1" uspid="1531" ordinal="0" offset="402" sl="34" sc="9" el="34" ec="9" bec="0" bev="0" fileid="26" />
                <SequencePoint vc="1" uspid="1532" ordinal="0" offset="419" sl="35" sc="9" el="35" ec="9" bec="0" bev="0" fileid="26" />
                <SequencePoint vc="1" uspid="1533" ordinal="0" offset="436" sl="36" sc="9" el="36" ec="9" bec="0" bev="0" fileid="26" />
                <SequencePoint vc="1" uspid="1534" ordinal="0" offset="449" sl="37" sc="9" el="37" ec="9" bec="0" bev="0" fileid="26" />
                <SequencePoint vc="1" uspid="1535" ordinal="0" offset="466" sl="38" sc="9" el="38" ec="9" bec="0" bev="0" fileid="26" />
                <SequencePoint vc="1" uspid="1536" ordinal="0" offset="479" sl="40" sc="9" el="40" ec="9" bec="0" bev="0" fileid="26" />
                <SequencePoint vc="1" uspid="1537" ordinal="0" offset="495" sl="41" sc="9" el="41" ec="9" bec="0" bev="0" fileid="26" />
                <SequencePoint vc="1" uspid="1538" ordinal="0" offset="512" sl="42" sc="9" el="42" ec="9" bec="0" bev="0" fileid="26" />
                <SequencePoint vc="1" uspid="1539" ordinal="0" offset="525" sl="43" sc="9" el="43" ec="9" bec="0" bev="0" fileid="26" />
                <SequencePoint vc="1" uspid="1540" ordinal="0" offset="542" sl="44" sc="9" el="44" ec="9" bec="0" bev="0" fileid="26" />
                <SequencePoint vc="1" uspid="1541" ordinal="0" offset="555" sl="46" sc="9" el="46" ec="9" bec="0" bev="0" fileid="26" />
                <SequencePoint vc="1" uspid="1542" ordinal="0" offset="578" sl="47" sc="9" el="47" ec="9" bec="0" bev="0" fileid="26" />
                <SequencePoint vc="1" uspid="1543" ordinal="0" offset="595" sl="51" sc="9" el="51" ec="9" bec="0" bev="0" fileid="26" />
                <SequencePoint vc="1" uspid="1544" ordinal="0" offset="596" sl="52" sc="13" el="52" ec="13" bec="0" bev="0" fileid="26" />
                <SequencePoint vc="1" uspid="1545" ordinal="0" offset="613" sl="54" sc="13" el="54" ec="13" bec="0" bev="0" fileid="26" />
                <SequencePoint vc="1" uspid="1546" ordinal="0" offset="635" sl="55" sc="13" el="55" ec="13" bec="0" bev="0" fileid="26" />
                <SequencePoint vc="1" uspid="1547" ordinal="0" offset="648" sl="55" sc="35" el="55" ec="35" bec="0" bev="0" fileid="26" />
                <SequencePoint vc="1" uspid="1548" ordinal="0" offset="666" sl="57" sc="13" el="57" ec="13" bec="0" bev="0" fileid="26" />
                <SequencePoint vc="1" uspid="1549" ordinal="0" offset="682" sl="58" sc="13" el="58" ec="13" bec="0" bev="0" fileid="26" />
                <SequencePoint vc="1" uspid="1550" ordinal="0" offset="683" sl="59" sc="17" el="59" ec="17" bec="0" bev="0" fileid="26" />
                <SequencePoint vc="1" uspid="1551" ordinal="0" offset="700" sl="60" sc="17" el="60" ec="17" bec="0" bev="0" fileid="26" />
                <SequencePoint vc="1" uspid="1552" ordinal="0" offset="722" sl="61" sc="17" el="61" ec="17" bec="0" bev="0" fileid="26" />
                <SequencePoint vc="0" uspid="1553" ordinal="0" offset="735" sl="61" sc="39" el="61" ec="39" bec="0" bev="0" fileid="26" />
                <SequencePoint vc="1" uspid="1554" ordinal="0" offset="753" sl="62" sc="13" el="62" ec="13" bec="0" bev="0" fileid="26" />
                <SequencePoint vc="1" uspid="1555" ordinal="0" offset="768" sl="64" sc="13" el="64" ec="13" bec="0" bev="0" fileid="26" />
                <SequencePoint vc="1" uspid="1556" ordinal="0" offset="830" sl="65" sc="13" el="65" ec="13" bec="0" bev="0" fileid="26" />
                <SequencePoint vc="1" uspid="1557" ordinal="0" offset="861" sl="66" sc="17" el="66" ec="17" bec="0" bev="0" fileid="26" />
                <SequencePoint vc="1" uspid="1558" ordinal="0" offset="874" sl="68" sc="13" el="68" ec="13" bec="0" bev="0" fileid="26" />
                <SequencePoint vc="1" uspid="1559" ordinal="0" offset="886" sl="69" sc="9" el="69" ec="9" bec="0" bev="0" fileid="26" />
                <SequencePoint vc="0" uspid="1560" ordinal="0" offset="910" sl="70" sc="9" el="70" ec="9" bec="0" bev="0" fileid="26" />
                <SequencePoint vc="0" uspid="1561" ordinal="0" offset="911" sl="70" sc="15" el="70" ec="15" bec="0" bev="0" fileid="26" />
                <SequencePoint vc="0" uspid="1562" ordinal="0" offset="912" sl="70" sc="16" el="70" ec="16" bec="0" bev="0" fileid="26" />
                <SequencePoint vc="1" uspid="1563" ordinal="0" offset="915" sl="73" sc="9" el="73" ec="9" bec="0" bev="0" fileid="26" />
                <SequencePoint vc="1" uspid="1564" ordinal="0" offset="937" sl="74" sc="9" el="74" ec="9" bec="0" bev="0" fileid="26" />
                <SequencePoint vc="1" uspid="1565" ordinal="0" offset="974" sl="75" sc="9" el="75" ec="9" bec="0" bev="0" fileid="26" />
                <SequencePoint vc="1" uspid="1566" ordinal="0" offset="1001" sl="77" sc="9" el="77" ec="9" bec="0" bev="0" fileid="26" />
                <SequencePoint vc="1" uspid="1567" ordinal="0" offset="1011" sl="79" sc="13" el="79" ec="13" bec="0" bev="0" fileid="26" />
                <SequencePoint vc="2" uspid="1568" ordinal="0" offset="1038" sl="78" sc="9" el="78" ec="9" bec="0" bev="0" fileid="26" />
                <SequencePoint vc="1" uspid="1569" ordinal="0" offset="1083" sl="81" sc="9" el="81" ec="9" bec="0" bev="0" fileid="26" />
                <SequencePoint vc="1" uspid="1570" ordinal="0" offset="1100" sl="83" sc="9" el="83" ec="9" bec="0" bev="0" fileid="26" />
                <SequencePoint vc="1" uspid="1571" ordinal="0" offset="1119" sl="85" sc="9" el="85" ec="9" bec="0" bev="0" fileid="26" />
                <SequencePoint vc="1" uspid="1572" ordinal="0" offset="1146" sl="86" sc="5" el="86" ec="5" bec="0" bev="0" fileid="26" />
              </SequencePoints>
              <BranchPoints />
            </Method>
          </Methods>
        </Class>
        <Class>
          <Summary numSequencePoints="24" visitedSequencePoints="21" numBranchPoints="0" visitedBranchPoints="0" sequenceCoverage="87.50" branchCoverage="0.0" maxCyclomaticComplexity="0" minCyclomaticComplexity="0" maxCrapScore="0" minCrapScore="0" visitedClasses="1" numClasses="1" visitedMethods="1" numMethods="1" />
          <FullName>PauseMenuTests/&lt;ResumeGame_RetomaTimeScale_EscondeMenu&gt;d__0</FullName>
          <Methods>
            <Method visited="true" cyclomaticComplexity="0" nPathComplexity="0" sequenceCoverage="87.50" branchCoverage="0" crapScore="0" isConstructor="false" isStatic="false" isGetter="false" isSetter="false">
              <Summary numSequencePoints="24" visitedSequencePoints="21" numBranchPoints="0" visitedBranchPoints="0" sequenceCoverage="87.50" branchCoverage="0" maxCyclomaticComplexity="0" minCyclomaticComplexity="0" maxCrapScore="0" minCrapScore="0" visitedClasses="0" numClasses="0" visitedMethods="1" numMethods="1" />
              <MetadataToken>100663352</MetadataToken>
              <Name>System.Boolean PauseMenuTests/&lt;ResumeGame_RetomaTimeScale_EscondeMenu&gt;d__0::MoveNext()</Name>
              <FileRef uid="27" />
              <SequencePoints>
                <SequencePoint vc="1" uspid="1573" ordinal="0" offset="34" sl="10" sc="5" el="10" ec="5" bec="0" bev="0" fileid="27" />
                <SequencePoint vc="1" uspid="1574" ordinal="0" offset="35" sl="11" sc="9" el="11" ec="9" bec="0" bev="0" fileid="27" />
                <SequencePoint vc="1" uspid="1575" ordinal="0" offset="51" sl="12" sc="9" el="12" ec="9" bec="0" bev="0" fileid="27" />
                <SequencePoint vc="1" uspid="1576" ordinal="0" offset="73" sl="14" sc="9" el="14" ec="9" bec="0" bev="0" fileid="27" />
                <SequencePoint vc="1" uspid="1577" ordinal="0" offset="89" sl="15" sc="9" el="15" ec="9" bec="0" bev="0" fileid="27" />
                <SequencePoint vc="1" uspid="1578" ordinal="0" offset="105" sl="16" sc="9" el="16" ec="9" bec="0" bev="0" fileid="27" />
                <SequencePoint vc="1" uspid="1579" ordinal="0" offset="134" sl="18" sc="9" el="18" ec="9" bec="0" bev="0" fileid="27" />
                <SequencePoint vc="1" uspid="1580" ordinal="0" offset="162" sl="21" sc="12" el="21" ec="12" bec="0" bev="0" fileid="27" />
                <SequencePoint vc="1" uspid="1581" ordinal="0" offset="163" sl="22" sc="13" el="22" ec="13" bec="0" bev="0" fileid="27" />
                <SequencePoint vc="1" uspid="1582" ordinal="0" offset="180" sl="23" sc="13" el="23" ec="13" bec="0" bev="0" fileid="27" />
                <SequencePoint vc="1" uspid="1583" ordinal="0" offset="202" sl="23" sc="51" el="23" ec="51" bec="0" bev="0" fileid="27" />
                <SequencePoint vc="1" uspid="1584" ordinal="0" offset="215" sl="23" sc="66" el="23" ec="66" bec="0" bev="0" fileid="27" />
                <SequencePoint vc="1" uspid="1585" ordinal="0" offset="233" sl="24" sc="13" el="24" ec="13" bec="0" bev="0" fileid="27" />
                <SequencePoint vc="1" uspid="1586" ordinal="0" offset="245" sl="25" sc="9" el="25" ec="9" bec="0" bev="0" fileid="27" />
                <SequencePoint vc="0" uspid="1587" ordinal="0" offset="262" sl="25" sc="10" el="25" ec="10" bec="0" bev="0" fileid="27" />
                <SequencePoint vc="0" uspid="1588" ordinal="0" offset="263" sl="25" sc="15" el="25" ec="15" bec="0" bev="0" fileid="27" />
                <SequencePoint vc="0" uspid="1589" ordinal="0" offset="264" sl="25" sc="16" el="25" ec="16" bec="0" bev="0" fileid="27" />
                <SequencePoint vc="1" uspid="1590" ordinal="0" offset="267" sl="28" sc="9" el="28" ec="9" bec="0" bev="0" fileid="27" />
                <SequencePoint vc="1" uspid="1591" ordinal="0" offset="280" sl="29" sc="9" el="29" ec="9" bec="0" bev="0" fileid="27" />
                <SequencePoint vc="1" uspid="1592" ordinal="0" offset="291" sl="31" sc="9" el="31" ec="9" bec="0" bev="0" fileid="27" />
                <SequencePoint vc="1" uspid="1593" ordinal="0" offset="326" sl="32" sc="9" el="32" ec="9" bec="0" bev="0" fileid="27" />
                <SequencePoint vc="1" uspid="1594" ordinal="0" offset="349" sl="34" sc="9" el="34" ec="9" bec="0" bev="0" fileid="27" />
                <SequencePoint vc="1" uspid="1595" ordinal="0" offset="376" sl="35" sc="9" el="35" ec="9" bec="0" bev="0" fileid="27" />
                <SequencePoint vc="1" uspid="1596" ordinal="0" offset="412" sl="36" sc="5" el="36" ec="5" bec="0" bev="0" fileid="27" />
              </SequencePoints>
              <BranchPoints />
            </Method>
          </Methods>
        </Class>
        <Class>
          <Summary numSequencePoints="7" visitedSequencePoints="4" numBranchPoints="0" visitedBranchPoints="0" sequenceCoverage="57.14" branchCoverage="0.0" maxCyclomaticComplexity="0" minCyclomaticComplexity="0" maxCrapScore="0" minCrapScore="0" visitedClasses="1" numClasses="1" visitedMethods="1" numMethods="1" />
          <FullName>TestTypeUtils/&lt;&gt;c</FullName>
          <Methods>
            <Method visited="true" cyclomaticComplexity="0" nPathComplexity="0" sequenceCoverage="57.14" branchCoverage="0" crapScore="0" isConstructor="false" isStatic="false" isGetter="false" isSetter="false">
              <Summary numSequencePoints="7" visitedSequencePoints="4" numBranchPoints="0" visitedBranchPoints="0" sequenceCoverage="57.14" branchCoverage="0" maxCyclomaticComplexity="0" minCyclomaticComplexity="0" maxCrapScore="0" minCrapScore="0" visitedClasses="0" numClasses="0" visitedMethods="1" numMethods="1" />
              <MetadataToken>100663358</MetadataToken>
              <Name>System.Collections.Generic.IEnumerable[Type] TestTypeUtils/&lt;&gt;c::&lt;FindMono&gt;b__0_0(System.Reflection.Assembly)</Name>
              <FileRef uid="22" />
              <SequencePoints>
                <SequencePoint vc="952" uspid="1597" ordinal="0" offset="0" sl="9" sc="30" el="9" ec="30" bec="0" bev="0" fileid="22" />
                <SequencePoint vc="952" uspid="1598" ordinal="0" offset="1" sl="9" sc="36" el="9" ec="36" bec="0" bev="0" fileid="22" />
                <SequencePoint vc="952" uspid="1599" ordinal="0" offset="2" sl="9" sc="38" el="9" ec="38" bec="0" bev="0" fileid="22" />
                <SequencePoint vc="0" uspid="1600" ordinal="0" offset="11" sl="9" sc="61" el="9" ec="61" bec="0" bev="0" fileid="22" />
                <SequencePoint vc="0" uspid="1601" ordinal="0" offset="12" sl="9" sc="67" el="9" ec="67" bec="0" bev="0" fileid="22" />
                <SequencePoint vc="0" uspid="1602" ordinal="0" offset="13" sl="9" sc="69" el="9" ec="69" bec="0" bev="0" fileid="22" />
                <SequencePoint vc="952" uspid="1603" ordinal="0" offset="21" sl="9" sc="99" el="9" ec="99" bec="0" bev="0" fileid="22" />
              </SequencePoints>
              <BranchPoints />
            </Method>
          </Methods>
        </Class>
        <Class>
          <Summary numSequencePoints="1" visitedSequencePoints="1" numBranchPoints="0" visitedBranchPoints="0" sequenceCoverage="100.0" branchCoverage="0.0" maxCyclomaticComplexity="0" minCyclomaticComplexity="0" maxCrapScore="0" minCrapScore="0" visitedClasses="1" numClasses="1" visitedMethods="1" numMethods="1" />
          <FullName>TestTypeUtils/&lt;&gt;c__DisplayClass0_0</FullName>
          <Methods>
            <Method visited="true" cyclomaticComplexity="0" nPathComplexity="0" sequenceCoverage="100.0" branchCoverage="0" crapScore="0" isConstructor="false" isStatic="false" isGetter="false" isSetter="false">
              <Summary numSequencePoints="1" visitedSequencePoints="1" numBranchPoints="0" visitedBranchPoints="0" sequenceCoverage="100.0" branchCoverage="0" maxCyclomaticComplexity="0" minCyclomaticComplexity="0" maxCrapScore="0" minCrapScore="0" visitedClasses="0" numClasses="0" visitedMethods="1" numMethods="1" />
              <MetadataToken>100663360</MetadataToken>
              <Name>System.Boolean TestTypeUtils/&lt;&gt;c__DisplayClass0_0::&lt;FindMono&gt;b__1(System.Type)</Name>
              <FileRef uid="22" />
              <SequencePoints>
                <SequencePoint vc="180106" uspid="1604" ordinal="0" offset="0" sl="10" sc="34" el="10" ec="34" bec="0" bev="0" fileid="22" />
              </SequencePoints>
              <BranchPoints />
            </Method>
          </Methods>
        </Class>
      </Classes>
    </Module>
  </Modules>
</CoverageSession>